[[27/07/2017 18:55:03]] New game
[[27/07/2017 18:55:11]] Position Selected: Queen 2 in (7,7)
[[27/07/2017 18:55:13]] Position Selected: Horse 0 in (0,5)
[[27/07/2017 18:55:15]] Position Selected: Horse 1 in (7,5)
[[27/07/2017 18:55:19]] White move: Horse 1 to (5,6)
[[27/07/2017 18:55:21]] Black move: Queen 2 to (5,5)
[[27/07/2017 18:55:22]] White move: Horse 0 to (2,6)
[[27/07/2017 18:55:23]] Black move: Queen 2 to (5,6)
[[27/07/2017 18:55:25]] White move: Horse 0 to (0,5)
[[27/07/2017 18:55:26]] Black move: Queen 2 to (0,6)
[[27/07/2017 18:55:28]] White move: Horse 0 to (1,3)
[[27/07/2017 18:55:29]] Black move: Queen 2 to (0,3)
[[27/07/2017 18:55:30]] White move: Horse 0 to (3,2)
[[27/07/2017 18:55:31]] Black move: Queen 2 to (3,3)
[[27/07/2017 18:55:32]] White move: Horse 0 to (4,0)
[[27/07/2017 18:55:34]] Black move: Queen 2 to (3,0)
[[27/07/2017 18:55:35]] White move: Horse 0 to (6,1)
[[27/07/2017 18:55:36]] Black move: Queen 2 to (6,0)
[[27/07/2017 18:55:37]] White move: Horse 0 to (7,3)
[[27/07/2017 18:55:38]] Black move: Queen 2 to (6,3)
[[27/07/2017 18:55:40]] CheckMate
[[27/07/2017 18:55:40]] White move: Horse 0 to (6,5)
[[27/07/2017 18:55:45]] Black move: Queen 2 to (6,5)
[[27/07/2017 18:55:45]] Black wins.
[[27/07/2017 19:08:24]] New game
[[27/07/2017 19:08:28]] Position Selected: Horse 0 in (3,0)
[[27/07/2017 19:08:31]] Position Selected: Queen 2 in (4,0)
[[27/07/2017 19:08:32]] Position Selected: Horse 1 in (5,2)
[[27/07/2017 19:08:36]] White move: Horse 1 to (4,0)
[[27/07/2017 19:08:36]] White wins.
[[27/07/2017 19:08:41]] Position Selected: Queen 2 in (4,2)
[[27/07/2017 19:09:19]] New game
[[27/07/2017 19:09:42]] Position Selected: Horse 0 in (3,0)
[[27/07/2017 19:09:44]] Position Selected: Queen 2 in (6,3)
[[27/07/2017 19:09:45]] Position Selected: Horse 1 in (0,4)
[[27/07/2017 19:09:48]] White move: Horse 0 to (5,1)
[[27/07/2017 19:09:49]] Black move: Queen 2 to (0,3)
[[27/07/2017 19:09:50]] White move: Horse 0 to (3,2)
[[27/07/2017 19:09:51]] Black move: Queen 2 to (0,4)
[[27/07/2017 19:09:52]] White move: Horse 0 to (1,1)
[[27/07/2017 19:09:52]] Black move: Queen 2 to (0,1)
[[27/07/2017 19:09:53]] White move: Horse 0 to (3,2)
[[27/07/2017 19:09:55]] Black move: Queen 2 to (3,1)
[[27/07/2017 19:09:56]] White move: Horse 0 to (4,4)
[[27/07/2017 19:09:57]] Black move: Queen 2 to (3,4)
[[27/07/2017 19:10:00]] White move: Horse 0 to (6,5)
[[27/07/2017 19:10:01]] Black move: Queen 2 to (6,4)
[[27/07/2017 19:10:02]] White move: Horse 0 to (5,7)
[[27/07/2017 19:10:03]] Black move: Queen 2 to (6,7)
[[27/07/2017 19:10:04]] White move: Horse 0 to (3,6)
[[27/07/2017 19:10:05]] Black move: Queen 2 to (3,7)
[[27/07/2017 19:10:06]] White move: Horse 0 to (4,4)
[[27/07/2017 19:10:06]] Black move: Queen 2 to (3,4)
[[27/07/2017 19:10:07]] White move: Horse 0 to (6,5)
[[27/07/2017 19:10:08]] Black move: Queen 2 to (6,4)
[[27/07/2017 19:10:09]] White move: Horse 0 to (5,7)
[[27/07/2017 19:10:10]] Black move: Queen 2 to (6,7)
[[27/07/2017 19:10:11]] White move: Horse 0 to (3,6)
[[27/07/2017 19:10:12]] Black move: Queen 2 to (3,7)
[[27/07/2017 19:10:13]] White move: Horse 0 to (2,4)
[[27/07/2017 19:10:14]] Black move: Queen 2 to (3,4)
[[27/07/2017 19:10:16]] White move: Horse 0 to (0,5)
[[27/07/2017 19:10:17]] Black move: Queen 2 to (0,4)
[[27/07/2017 19:10:18]] White move: Horse 0 to (1,7)
[[27/07/2017 19:10:18]] Black move: Queen 2 to (0,7)
[[27/07/2017 19:10:19]] White move: Horse 0 to (3,6)
[[27/07/2017 19:10:20]] Black move: Queen 2 to (3,7)
[[27/07/2017 19:10:21]] White move: Horse 0 to (4,4)
[[27/07/2017 19:10:21]] Black move: Queen 2 to (3,4)
[[27/07/2017 19:10:22]] White move: Horse 0 to (6,3)
[[27/07/2017 19:10:23]] Black move: Queen 2 to (6,4)
[[27/07/2017 19:10:25]] White move: Horse 0 to (5,1)
[[27/07/2017 19:10:26]] Black move: Queen 2 to (6,1)
[[27/07/2017 19:10:27]] White move: Horse 0 to (3,2)
[[27/07/2017 19:10:28]] Black move: Queen 2 to (3,1)
[[27/07/2017 19:10:28]] White move: Horse 0 to (2,4)
[[27/07/2017 19:10:29]] Black move: Queen 2 to (3,4)
[[27/07/2017 19:10:30]] White move: Horse 0 to (0,3)
[[27/07/2017 19:10:31]] Black move: Queen 2 to (0,4)
[[27/07/2017 19:10:31]] White move: Horse 0 to (1,1)
[[27/07/2017 19:10:32]] Black move: Queen 2 to (0,1)
[[27/07/2017 19:10:33]] White move: Horse 0 to (3,2)
[[27/07/2017 19:10:33]] Black move: Queen 2 to (3,1)
[[27/07/2017 19:10:34]] White move: Horse 0 to (4,4)
[[27/07/2017 19:10:35]] Black move: Queen 2 to (3,4)
[[27/07/2017 19:10:35]] White move: Horse 0 to (6,5)
[[27/07/2017 19:10:36]] Black move: Queen 2 to (6,4)
[[27/07/2017 19:10:36]] White move: Horse 0 to (5,7)
[[27/07/2017 19:10:37]] Black move: Queen 2 to (6,7)
[[27/07/2017 19:10:37]] White move: Horse 0 to (3,6)
[[27/07/2017 19:10:38]] Black move: Queen 2 to (3,7)
[[27/07/2017 19:10:38]] White move: Horse 0 to (4,4)
[[27/07/2017 19:10:39]] Black move: Queen 2 to (3,4)
[[27/07/2017 19:10:41]] White move: Horse 0 to (6,5)
[[27/07/2017 19:10:42]] Black move: Queen 2 to (6,4)
[[27/07/2017 19:10:43]] White move: Horse 0 to (5,7)
[[27/07/2017 19:10:44]] Black move: Queen 2 to (6,7)
[[27/07/2017 19:10:45]] White move: Horse 0 to (3,6)
[[27/07/2017 19:10:46]] Black move: Queen 2 to (3,7)
[[27/07/2017 19:10:46]] White move: Horse 0 to (2,4)
[[27/07/2017 19:10:47]] Black move: Queen 2 to (3,4)
[[27/07/2017 19:10:48]] White move: Horse 0 to (0,3)
[[27/07/2017 19:10:48]] Black move: Queen 2 to (0,4)
[[27/07/2017 19:10:49]] White move: Horse 0 to (1,1)
[[27/07/2017 19:10:50]] Black move: Queen 2 to (0,1)
[[27/07/2017 19:10:50]] White move: Horse 0 to (3,2)
[[27/07/2017 19:10:51]] Black move: Queen 2 to (3,1)
[[27/07/2017 19:10:52]] White move: Horse 0 to (2,4)
[[27/07/2017 19:10:53]] Black move: Queen 2 to (3,4)
[[27/07/2017 19:10:53]] White move: Horse 0 to (0,5)
[[27/07/2017 19:10:54]] Black move: Queen 2 to (0,4)
[[27/07/2017 19:10:55]] White move: Horse 0 to (1,7)
[[27/07/2017 19:10:55]] Black move: Queen 2 to (0,7)
[[27/07/2017 19:10:56]] White move: Horse 0 to (3,6)
[[27/07/2017 19:10:57]] Black move: Queen 2 to (3,7)
[[27/07/2017 19:10:57]] Black move: Queen 2 to (3,6)
[[27/07/2017 19:10:57]] Black wins.
[[27/07/2017 19:10:57]] White move:  0 to (-1,-1)
[[27/07/2017 19:10:57]] White move:  0 to (-1,-1)
[[27/07/2017 19:10:58]] White move:  0 to (-1,-1)
[[27/07/2017 19:10:58]] Black move:  0 to (-1,-1)
[[27/07/2017 19:10:58]] Black wins.
[[27/07/2017 19:48:01]] New game
[[27/07/2017 19:48:14]] Position Selected: Horse 1 in (1,0)
[[27/07/2017 19:48:25]] Position Selected: Queen 2 in (2,0)
[[27/07/2017 19:48:28]] Position Selected: Horse 0 in (3,0)
[[27/07/2017 19:48:35]] White move: Horse 0 to (5,1)
[[27/07/2017 19:48:46]] Black move: Queen 2 to (1,0)
[[27/07/2017 19:48:52]] White move: Horse 0 to (7,2)
[[27/07/2017 19:49:01]] Black move: Queen 2 to (7,0)
[[27/07/2017 19:50:57]] New game
[[27/07/2017 19:51:00]] Position Selected: Horse 0 in (3,1)
[[27/07/2017 19:51:02]] Position Selected: Queen 2 in (3,2)
[[27/07/2017 19:51:04]] Position Selected: Horse 1 in (4,2)
[[27/07/2017 19:51:07]] CheckMate
[[27/07/2017 19:51:07]] White move: Horse 1 to (6,1)
[[27/07/2017 19:51:27]] Black move: Queen 2 to (3,1)
[[27/07/2017 19:51:35]] White move: Horse 1 to (7,3)
[[27/07/2017 19:51:36]] Black move: Queen 2 to (5,3)
[[27/07/2017 19:51:37]] White move: Horse 1 to (6,5)
[[27/07/2017 19:51:38]] Black move: Queen 2 to (6,4)
[[27/07/2017 19:51:39]] White move: Horse 1 to (5,7)
[[27/07/2017 19:51:40]] Black move: Queen 2 to (6,7)
[[27/07/2017 19:51:40]] White move: Horse 1 to (3,6)
[[27/07/2017 19:51:41]] Black move: Queen 2 to (3,7)
[[27/07/2017 19:51:42]] White move: Horse 1 to (4,4)
[[27/07/2017 19:51:43]] Black move: Queen 2 to (3,4)
[[27/07/2017 19:51:43]] White move: Horse 1 to (6,5)
[[27/07/2017 19:51:44]] Black move: Queen 2 to (6,4)
[[27/07/2017 19:51:45]] White move: Horse 1 to (5,7)
[[27/07/2017 19:51:46]] Black move: Queen 2 to (6,7)
[[27/07/2017 19:51:47]] White move: Horse 1 to (3,6)
[[27/07/2017 19:51:48]] Black move: Queen 2 to (3,7)
[[27/07/2017 19:51:48]] White move: Horse 1 to (4,4)
[[27/07/2017 19:51:49]] Black move: Queen 2 to (3,4)
[[27/07/2017 19:51:50]] White move: Horse 1 to (6,3)
[[27/07/2017 19:51:50]] Black move: Queen 2 to (6,4)
[[27/07/2017 19:51:51]] White move: Horse 1 to (5,1)
[[27/07/2017 19:51:52]] Black move: Queen 2 to (6,1)
[[27/07/2017 19:51:52]] White move: Horse 1 to (3,2)
[[27/07/2017 19:51:53]] Black move: Queen 2 to (3,1)
[[27/07/2017 19:51:54]] White move: Horse 1 to (4,4)
[[27/07/2017 19:51:54]] Black move: Queen 2 to (3,4)
[[27/07/2017 19:51:55]] White move: Horse 1 to (6,5)
[[27/07/2017 19:51:55]] Black move: Queen 2 to (6,4)
[[27/07/2017 19:51:56]] White move: Horse 1 to (5,7)
[[27/07/2017 19:51:57]] Black move: Queen 2 to (6,7)
[[27/07/2017 19:51:57]] White move: Horse 1 to (3,6)
[[27/07/2017 19:51:58]] Black move: Queen 2 to (3,7)
[[27/07/2017 19:51:59]] White move: Horse 1 to (4,4)
[[27/07/2017 19:51:59]] Black move: Queen 2 to (3,4)
[[27/07/2017 19:52:00]] White move: Horse 1 to (6,5)
[[27/07/2017 19:52:00]] Black move: Queen 2 to (6,4)
[[27/07/2017 19:52:01]] White move: Horse 1 to (7,7)
[[27/07/2017 19:52:01]] Black move: Queen 2 to (6,7)
[[27/07/2017 19:52:02]] CheckMate
[[27/07/2017 19:52:02]] White move: Horse 1 to (6,5)
[[27/07/2017 19:52:03]] Black move: Queen 2 to (6,5)
[[27/07/2017 19:52:03]] Black wins.
[[27/07/2017 20:17:10]] New game
[[27/07/2017 20:17:13]] Position Selected: Horse 0 in (6,0)
[[27/07/2017 20:17:14]] Position Selected: Horse 1 in (7,0)
[[27/07/2017 20:17:16]] Position Selected: Queen 2 in (5,0)
[[27/07/2017 20:17:22]] White move: Horse 1 to (6,2)
[[27/07/2017 20:17:23]] Black move: Queen 2 to (6,0)
[[27/07/2017 20:17:25]] White move: Horse 1 to (4,1)
[[27/07/2017 20:17:26]] Black move: Queen 2 to (4,0)
[[27/07/2017 20:17:27]] White move: Horse 1 to (5,3)
[[27/07/2017 20:17:28]] Black move: Queen 2 to (4,3)
[[27/07/2017 20:17:28]] White move: Horse 1 to (7,4)
[[27/07/2017 20:17:29]] Black move: Queen 2 to (7,3)
[[27/07/2017 20:17:30]] White move: Horse 1 to (6,6)
[[27/07/2017 20:17:31]] Black move: Queen 2 to (7,6)
[[27/07/2017 20:17:31]] White move: Horse 1 to (4,5)
[[27/07/2017 20:17:32]] Black move: Queen 2 to (4,6)
[[27/07/2017 20:17:33]] White move: Horse 1 to (5,3)
[[27/07/2017 20:17:33]] Black move: Queen 2 to (4,3)
[[27/07/2017 20:17:34]] White move: Horse 1 to (7,2)
[[27/07/2017 20:17:35]] Black move: Queen 2 to (7,3)
[[27/07/2017 20:17:35]] White move: Horse 1 to (6,0)
[[27/07/2017 20:17:36]] Black move: Queen 2 to (7,0)
[[27/07/2017 20:17:37]] White move: Horse 1 to (4,1)
[[27/07/2017 20:17:38]] Black move: Queen 2 to (4,0)
[[27/07/2017 20:17:39]] White move: Horse 1 to (5,3)
[[27/07/2017 20:17:41]] New game
[[27/07/2017 20:17:45]] Position Selected: Horse 0 in (0,3)
[[27/07/2017 20:18:03]] Position Selected: Queen 2 in (3,6)
[[27/07/2017 20:18:07]] Position Selected: Horse 1 in (3,4)
[[27/07/2017 20:18:10]] White move: Horse 0 to (1,5)
[[27/07/2017 20:18:13]] Black move: Queen 2 to (3,4)
[[27/07/2017 20:18:15]] White move: Horse 0 to (3,4)
[[27/07/2017 20:18:15]] White wins.
[[27/07/2017 20:18:21]] New game
[[27/07/2017 20:18:26]] New game
[[27/07/2017 20:18:44]] New game
[[27/07/2017 20:18:47]] New game
[[27/07/2017 20:18:48]] New game
[[27/07/2017 20:19:46]] New game
[[27/07/2017 20:19:51]] Position Selected: Queen 2 in (5,1)
[[27/07/2017 20:19:52]] Position Selected: Horse 0 in (6,2)
[[27/07/2017 20:19:53]] Position Selected: Horse 1 in (6,4)
[[27/07/2017 20:19:56]] New game
[[27/07/2017 20:21:04]] New game
[[27/07/2017 20:21:07]] Position Selected: Queen 2 in (6,1)
[[27/07/2017 20:21:09]] Position Selected: Horse 0 in (7,3)
[[27/07/2017 20:21:10]] Position Selected: Horse 1 in (7,0)
[[27/07/2017 20:21:14]] White move: Horse 0 to (6,1)
[[27/07/2017 20:21:14]] White wins.
[[27/07/2017 20:21:24]] New game
[[27/07/2017 20:21:26]] Position Selected: Queen 2 in (6,1)
[[27/07/2017 20:21:27]] Position Selected: Horse 0 in (6,2)
[[27/07/2017 20:21:29]] Position Selected: Horse 1 in (6,3)
[[27/07/2017 20:21:32]] White move: Horse 1 to (4,2)
[[27/07/2017 20:21:34]] Black move: Queen 2 to (6,2)
[[27/07/2017 20:21:35]] White move: Horse 1 to (5,4)
[[27/07/2017 20:21:37]] Black move: Queen 2 to (4,4)
[[27/07/2017 20:21:38]] White move: Horse 1 to (7,5)
[[27/07/2017 20:21:39]] Black move: Queen 2 to (7,4)
[[27/07/2017 20:21:40]] White move: Horse 1 to (6,7)
[[27/07/2017 20:21:40]] Black move: Queen 2 to (7,7)
[[27/07/2017 20:21:42]] White move: Horse 1 to (4,6)
[[27/07/2017 20:21:42]] Black move: Queen 2 to (4,7)
[[27/07/2017 20:21:43]] White move: Horse 1 to (3,4)
[[27/07/2017 20:21:44]] Black move: Queen 2 to (4,4)
[[27/07/2017 20:21:44]] White move: Horse 1 to (1,3)
[[27/07/2017 20:21:45]] Black move: Queen 2 to (1,4)
[[27/07/2017 20:21:46]] White move: Horse 1 to (2,1)
[[27/07/2017 20:21:47]] Black move: Queen 2 to (1,1)
[[27/07/2017 20:21:47]] White move: Horse 1 to (4,2)
[[27/07/2017 20:21:48]] Black move: Queen 2 to (4,1)
[[27/07/2017 20:21:49]] White move: Horse 1 to (5,4)
[[27/07/2017 20:21:49]] Black move: Queen 2 to (4,4)
[[27/07/2017 20:21:50]] White move: Horse 1 to (7,3)
[[27/07/2017 20:21:50]] Black move: Queen 2 to (7,4)
[[27/07/2017 20:21:51]] White move: Horse 1 to (6,1)
[[27/07/2017 20:21:52]] Black move: Queen 2 to (7,1)
[[27/07/2017 20:21:52]] White move: Horse 1 to (4,2)
[[27/07/2017 20:21:53]] Black move: Queen 2 to (4,1)
[[27/07/2017 20:21:53]] White move: Horse 1 to (3,4)
[[27/07/2017 20:21:54]] Black move: Queen 2 to (4,4)
[[27/07/2017 20:21:55]] White move: Horse 1 to (1,3)
[[27/07/2017 20:21:55]] Black move: Queen 2 to (1,4)
[[27/07/2017 20:21:56]] White move: Horse 1 to (0,1)
[[27/07/2017 20:21:56]] Black move: Queen 2 to (1,1)
[[27/07/2017 20:21:57]] White move: Horse 1 to (1,3) [CheckMate]
[[27/07/2017 20:22:01]] Black move: Queen 2 to (1,3)
[[27/07/2017 20:22:01]] Black wins.
