[[21/07/2017 05:11:42]] New game
[[21/07/2017 05:11:48]] Position Selected: Horse 0 in (3,2)
[[21/07/2017 05:11:51]] Position Selected: Queen 2 in (7,5)
[[21/07/2017 05:11:53]] Position Selected: Horse 1 in (1,5)
[[21/07/2017 05:11:57]] White move: Horse 0 to (5,3)
[[21/07/2017 05:11:58]] Black move: Queen 2 to (1,5)
[[21/07/2017 05:12:01]] White move: Horse 0 to (3,4)
[[21/07/2017 05:12:03]] Black move: Queen 2 to (3,5)
[[21/07/2017 05:12:04]] White move: Horse 0 to (4,6)
[[21/07/2017 05:12:05]] Black move: Queen 2 to (3,6)
[[21/07/2017 05:12:06]] White move: Horse 0 to (2,5)
[[21/07/2017 05:12:08]] Black move: Queen 2 to (2,6)
[[21/07/2017 05:12:08]] White move: Horse 0 to (3,7)
[[21/07/2017 05:12:09]] Black move: Queen 2 to (3,6)
[[21/07/2017 05:12:16]] New game
[[21/07/2017 05:12:20]] Position Selected: Horse 0 in (3,2)
[[21/07/2017 05:12:22]] Position Selected: Queen 2 in (4,4)
[[21/07/2017 05:12:25]] Position Selected: Horse 1 in (5,6)
[[21/07/2017 05:12:30]] White move: Horse 1 to (4,4)
[[21/07/2017 05:12:30]] White wins
[[21/07/2017 05:12:46]] New game
[[21/07/2017 05:12:50]] Position Selected: Queen 2 in (1,2)
[[21/07/2017 05:12:54]] Position Selected: Horse 1 in (7,4)
[[21/07/2017 05:12:58]] Position Selected: Horse 0 in (7,2)
[[21/07/2017 05:13:01]] White move: Horse 1 to (5,3)
[[21/07/2017 05:13:02]] Black move: Queen 2 to (7,2)
[[21/07/2017 05:13:04]] White move: Horse 1 to (7,2)
[[21/07/2017 05:13:04]] White wins
