[[30/07/2017 04:51:08]] New game
[[30/07/2017 04:51:11]] Position Selected: Queen 2 in (3,3)
[[30/07/2017 04:51:12]] Position Selected: Horse 1 in (7,7)
[[30/07/2017 04:51:14]] Position Selected: Horse 0 in (7,0)
[[30/07/2017 04:51:17]] White move: Horse 0 to (6,2)
[[30/07/2017 04:51:19]] Black move: Queen 2 to (7,7)
[[30/07/2017 04:51:22]] White move: Horse 0 to (5,4)
[[30/07/2017 04:51:23]] Black move: Queen 2 to (4,4)
[[30/07/2017 04:51:26]] White move: Horse 0 to (7,5)
[[30/07/2017 04:51:54]] Black move: Queen 2 to (7,4)
[[30/07/2017 04:51:57]] White move: Horse 0 to (6,7)
[[30/07/2017 04:51:59]] Black move: Queen 2 to (7,7)
[[30/07/2017 04:52:00]] White move: Horse 0 to (4,6)
[[30/07/2017 04:52:01]] Black move: Queen 2 to (4,7)
[[30/07/2017 04:52:02]] White move: Horse 0 to (5,4)
[[30/07/2017 04:52:03]] Black move: Queen 2 to (4,4)
[[30/07/2017 04:52:04]] White move: Horse 0 to (7,3)
[[30/07/2017 04:52:05]] Black move: Queen 2 to (7,4)
[[30/07/2017 04:52:05]] White move: Horse 0 to (6,1)
[[30/07/2017 04:52:06]] Black move: Queen 2 to (7,1)
[[30/07/2017 04:52:07]] White move: Horse 0 to (4,0)
[[30/07/2017 04:52:08]] Black move: Queen 2 to (4,1)
[[30/07/2017 04:52:09]] White move: Horse 0 to (5,2) [CheckMate]
[[30/07/2017 04:52:21]] Black move: Queen 2 to (5,2)
[[30/07/2017 04:52:21]] Black wins.
[[30/07/2017 04:52:39]] New game
[[30/07/2017 04:52:43]] Position Selected: Queen 2 in (7,3)
[[30/07/2017 04:52:45]] Position Selected: Horse 1 in (6,5)
[[30/07/2017 04:52:47]] Position Selected: Horse 0 in (6,1)
[[30/07/2017 04:52:50]] White move: Horse 0 to (7,3)
[[30/07/2017 04:52:50]] White wins.
[[30/07/2017 04:53:01]] New game
[[30/07/2017 04:53:04]] Position Selected: Queen 2 in (0,3)
[[30/07/2017 04:53:07]] Position Selected: Horse 1 in (2,4)
[[30/07/2017 04:53:09]] Position Selected: Horse 0 in (3,4)
[[30/07/2017 04:53:12]] White move: Horse 1 to (0,3)
[[30/07/2017 04:53:12]] White wins.
[[30/07/2017 04:53:21]] New game
[[30/07/2017 04:53:24]] Position Selected: Queen 2 in (4,7)
[[30/07/2017 04:53:26]] Position Selected: Horse 0 in (4,0)
[[30/07/2017 04:53:31]] Position Selected: Horse 1 in (7,6)
[[30/07/2017 04:53:35]] White move: Horse 1 to (5,5)
[[30/07/2017 04:53:38]] Black move: Queen 2 to (4,0)
[[30/07/2017 04:53:40]] White move: Horse 1 to (6,3)
[[30/07/2017 04:53:41]] Black move: Queen 2 to (6,2)
[[30/07/2017 04:53:43]] White move: Horse 1 to (5,5)
[[30/07/2017 04:53:45]] Black move: Queen 2 to (6,5)
[[30/07/2017 04:53:46]] White move: Horse 1 to (3,6)
[[30/07/2017 04:53:47]] Black move: Queen 2 to (3,5)
[[30/07/2017 04:53:48]] White move: Horse 1 to (4,4) [CheckMate]
[[30/07/2017 04:54:01]] Black move: Queen 2 to (4,4)
[[30/07/2017 04:54:01]] Black wins.
[[30/07/2017 04:55:25]] New game
[[30/07/2017 04:55:28]] Position Selected: Queen 2 in (3,3)
[[30/07/2017 04:55:30]] Position Selected: Horse 0 in (3,4)
[[30/07/2017 04:55:33]] Position Selected: Horse 1 in (4,4)
[[30/07/2017 04:55:36]] White move: Horse 1 to (2,5)
[[30/07/2017 04:55:38]] Black move: Queen 2 to (3,4)
[[30/07/2017 04:55:39]] White move: Horse 1 to (1,3)
[[30/07/2017 04:55:40]] Black move: Queen 2 to (1,2)
[[30/07/2017 04:55:40]] White move: Horse 1 to (2,5)
[[30/07/2017 04:55:41]] Black move: Queen 2 to (1,5)
[[30/07/2017 04:55:42]] White move: Horse 1 to (4,4)
[[30/07/2017 04:55:43]] Black move: Queen 2 to (4,5)
[[30/07/2017 04:55:43]] White move: Horse 1 to (3,2)
[[30/07/2017 04:55:44]] Black move: Queen 2 to (4,2)
[[30/07/2017 04:55:45]] White move: Horse 1 to (1,1)
[[30/07/2017 04:55:47]] Black move: Queen 2 to (1,2)
[[30/07/2017 04:55:47]] White move: Horse 1 to (2,3) [CheckMate]
[[30/07/2017 04:55:50]] Black move: Queen 2 to (2,3)
[[30/07/2017 04:55:50]] Black wins.
[[30/07/2017 04:55:54]] New game
[[30/07/2017 04:55:56]] Position Selected: Queen 2 in (5,2)
[[30/07/2017 04:55:57]] Position Selected: Horse 0 in (5,5)
[[30/07/2017 04:55:59]] Position Selected: Horse 1 in (1,2)
[[30/07/2017 04:56:02]] White move: Horse 1 to (3,3)
[[30/07/2017 04:56:04]] Black move: Queen 2 to (5,5)
[[30/07/2017 04:56:06]] White move: Horse 1 to (1,4)
[[30/07/2017 04:56:07]] Black move: Queen 2 to (1,5)
[[30/07/2017 04:56:09]] White move: Horse 1 to (0,2)
[[30/07/2017 04:56:10]] Black move: Queen 2 to (1,2)
[[30/07/2017 04:56:11]] White move: Horse 1 to (1,4) [CheckMate]
[[30/07/2017 04:56:14]] Black move: Queen 2 to (1,4)
[[30/07/2017 04:56:14]] Black wins.
[[30/07/2017 04:56:18]] New game
[[30/07/2017 04:56:26]] Position Selected: Horse 0 in (0,0)
[[30/07/2017 04:56:27]] Position Selected: Queen 2 in (7,7)
[[30/07/2017 04:56:29]] Position Selected: Horse 1 in (0,7)
[[30/07/2017 04:56:32]] White move: Horse 1 to (2,6)
[[30/07/2017 04:56:33]] Black move: Queen 2 to (0,0)
[[30/07/2017 04:56:34]] White move: Horse 1 to (1,4)
[[30/07/2017 04:56:35]] Black move: Queen 2 to (0,4)
[[30/07/2017 04:56:36]] White move: Horse 1 to (3,5)
[[30/07/2017 04:56:38]] Black move: Queen 2 to (3,4)
[[30/07/2017 04:56:39]] White move: Horse 1 to (4,7)
[[30/07/2017 04:56:40]] Black move: Queen 2 to (3,7)
[[30/07/2017 04:56:41]] White move: Horse 1 to (6,6)
[[30/07/2017 04:56:42]] Black move: Queen 2 to (6,7)
[[30/07/2017 04:56:43]] White move: Horse 1 to (7,4)
[[30/07/2017 04:56:44]] Black move: Queen 2 to (6,4)
[[30/07/2017 04:56:45]] White move: Horse 1 to (6,6) [CheckMate]
[[30/07/2017 04:56:49]] Black move: Queen 2 to (6,6)
[[30/07/2017 04:56:49]] Black wins.
[[30/07/2017 05:51:58]] New game
[[30/07/2017 05:52:05]] Position Selected: Horse 0 in (5,1)
[[30/07/2017 05:52:21]] Position Selected: Queen 2 in (4,4)
[[30/07/2017 05:52:24]] Position Selected: Horse 1 in (4,5)
[[30/07/2017 05:52:27]] White move: Horse 0 to (6,3)
[[30/07/2017 05:52:31]] Black move: Queen 2 to (4,5)
[[30/07/2017 05:52:33]] White move: Horse 0 to (5,1)
[[30/07/2017 05:52:35]] Black move: Queen 2 to (4,1)
[[30/07/2017 05:52:36]] White move: Horse 0 to (7,0)
[[30/07/2017 05:52:37]] Black move: Queen 2 to (7,1)
[[30/07/2017 05:52:43]] White move: Horse 0 to (6,2) [CheckMate]
[[30/07/2017 05:52:47]] Black move: Queen 2 to (6,2)
[[30/07/2017 05:52:47]] Black wins.
[[30/07/2017 07:41:24]] New game
[[30/07/2017 20:02:24]] New game
[[30/07/2017 20:02:27]] Position Selected: Queen 2 in (0,1)
[[30/07/2017 20:02:31]] Position Selected: Horse 0 in (6,7)
[[30/07/2017 20:02:35]] Position Selected: Horse 1 in (5,0)
[[30/07/2017 20:02:39]] White move: Horse 1 to (4,2)
[[30/07/2017 20:02:40]] Black move: Queen 2 to (6,7)
[[30/07/2017 20:02:43]] White move: Horse 1 to (5,4)
[[30/07/2017 20:02:45]] Black move: Queen 2 to (6,4)
[[30/07/2017 20:02:46]] White move: Horse 1 to (3,5)
[[30/07/2017 20:02:52]] Black move: Queen 2 to (3,4)
[[30/07/2017 20:02:53]] White move: Horse 1 to (2,7)
[[30/07/2017 20:02:55]] Black move: Queen 2 to (3,7)
[[30/07/2017 20:02:56]] White move: Horse 1 to (0,6)
[[30/07/2017 20:02:57]] Black move: Queen 2 to (0,7)
[[30/07/2017 20:02:58]] White move: Horse 1 to (1,4)
[[30/07/2017 20:02:59]] Black move: Queen 2 to (0,4)
[[30/07/2017 20:03:07]] White move: Horse 1 to (3,5)
[[30/07/2017 20:03:08]] Black move: Queen 2 to (3,4)
[[30/07/2017 20:03:09]] White move: Horse 1 to (4,7)
[[30/07/2017 20:03:10]] Black move: Queen 2 to (3,7)
[[30/07/2017 20:03:11]] White move: Horse 1 to (6,6)
[[30/07/2017 20:03:12]] Black move: Queen 2 to (6,7)
[[30/07/2017 20:03:14]] White move: Horse 1 to (5,4)
[[30/07/2017 20:03:14]] Black move: Queen 2 to (6,4)
[[30/07/2017 20:03:15]] White move: Horse 1 to (3,3)
[[30/07/2017 20:03:16]] Black move: Queen 2 to (3,4)
[[30/07/2017 20:03:17]] White move: Horse 1 to (2,1)
[[30/07/2017 20:03:18]] Black move: Queen 2 to (3,1)
[[30/07/2017 20:03:19]] White move: Horse 1 to (0,0)
[[30/07/2017 20:03:20]] Black move: Queen 2 to (0,1)
[[30/07/2017 20:03:26]] White move: Horse 1 to (1,2) [CheckMate]
[[30/07/2017 20:03:30]] Black move: Queen 2 to (1,2)
[[30/07/2017 20:03:30]] Black wins.
[[30/07/2017 20:03:37]] New game
[[30/07/2017 20:03:44]] Position Selected: Horse 0 in (1,1)
[[30/07/2017 20:03:53]] Position Selected: Queen 2 in (6,5)
[[30/07/2017 20:03:57]] Position Selected: Horse 1 in (0,7)
[[30/07/2017 20:04:00]] White move: Horse 1 to (2,6)
[[30/07/2017 20:04:03]] Black move: Queen 2 to (2,5)
[[30/07/2017 20:04:07]] White move: Horse 0 to (3,2)
[[30/07/2017 20:04:08]] Black move: Queen 2 to (2,6)
[[30/07/2017 20:04:10]] White move: Horse 0 to (1,3)
[[30/07/2017 20:04:12]] Black move: Queen 2 to (2,3)
[[30/07/2017 20:04:13]] White move: Horse 0 to (2,5) [CheckMate]
[[30/07/2017 20:04:15]] Black move: Queen 2 to (2,5)
[[30/07/2017 20:04:15]] Black wins.
[[30/07/2017 20:04:17]] New game
[[30/07/2017 20:04:21]] Position Selected: Horse 0 in (0,0)
[[30/07/2017 20:04:23]] Position Selected: Queen 2 in (5,0)
[[30/07/2017 20:04:26]] Position Selected: Horse 1 in (6,7)
[[30/07/2017 20:04:29]] White move: Horse 0 to (2,1)
[[30/07/2017 20:04:30]] Black move: Queen 2 to (5,7)
[[30/07/2017 20:04:31]] White move: Horse 0 to (3,3)
[[30/07/2017 20:04:32]] Black move: Queen 2 to (6,7)
[[30/07/2017 20:04:44]] White move: Horse 0 to (5,4)
[[30/07/2017 20:04:45]] Black move: Queen 2 to (6,4)
[[30/07/2017 20:04:46]] White move: Horse 0 to (3,5)
[[30/07/2017 20:04:47]] Black move: Queen 2 to (3,4)
[[30/07/2017 20:04:48]] White move: Horse 0 to (4,7)
[[30/07/2017 20:04:48]] Black move: Queen 2 to (3,7)
[[30/07/2017 20:04:49]] White move: Horse 0 to (6,6)
[[30/07/2017 20:04:50]] Black move: Queen 2 to (6,7)
[[30/07/2017 20:04:50]] White move: Horse 0 to (5,4)
[[30/07/2017 20:04:51]] Black move: Queen 2 to (6,4)
[[30/07/2017 20:04:52]] White move: Horse 0 to (3,5)
[[30/07/2017 20:04:52]] Black move: Queen 2 to (3,4)
[[30/07/2017 20:04:53]] White move: Horse 0 to (2,7)
[[30/07/2017 20:04:54]] Black move: Queen 2 to (3,7)
[[30/07/2017 20:04:54]] White move: Horse 0 to (0,6)
[[30/07/2017 20:04:55]] Black move: Queen 2 to (0,7)
[[30/07/2017 20:04:56]] White move: Horse 0 to (1,4)
[[30/07/2017 20:04:56]] Black move: Queen 2 to (0,4)
[[30/07/2017 20:04:57]] White move: Horse 0 to (3,5)
[[30/07/2017 20:04:57]] Black move: Queen 2 to (3,4)
[[30/07/2017 20:04:58]] White move: Horse 0 to (4,7)
[[30/07/2017 20:04:58]] Black move: Queen 2 to (3,7)
[[30/07/2017 20:04:59]] White move: Horse 0 to (6,6)
[[30/07/2017 20:04:59]] Black move: Queen 2 to (6,7)
[[30/07/2017 20:05:00]] White move: Horse 0 to (5,4)
[[30/07/2017 20:05:01]] Black move: Queen 2 to (6,4)
[[30/07/2017 20:05:01]] White move: Horse 0 to (3,5)
[[30/07/2017 20:05:02]] Black move: Queen 2 to (3,4)
[[30/07/2017 20:05:02]] White move: Horse 0 to (4,7)
[[30/07/2017 20:05:03]] Black move: Queen 2 to (3,7)
[[30/07/2017 20:05:04]] White move: Horse 0 to (6,6)
[[30/07/2017 20:05:04]] Black move: Queen 2 to (6,7)
[[30/07/2017 20:05:05]] White move: Horse 0 to (5,4)
[[30/07/2017 20:05:05]] Black move: Queen 2 to (6,4)
[[30/07/2017 20:05:06]] White move: Horse 0 to (3,5)
[[30/07/2017 20:05:07]] Black move: Queen 2 to (3,4)
[[30/07/2017 20:05:07]] White move: Horse 0 to (2,7)
[[30/07/2017 20:05:08]] Black move: Queen 2 to (3,7)
[[30/07/2017 20:05:08]] White move: Horse 0 to (0,6)
[[30/07/2017 20:05:09]] Black move: Queen 2 to (0,7)
[[30/07/2017 20:05:10]] White move: Horse 0 to (1,4)
[[30/07/2017 20:05:10]] Black move: Queen 2 to (0,4)
[[30/07/2017 20:05:11]] White move: Horse 0 to (3,5)
[[30/07/2017 20:05:11]] Black move: Queen 2 to (3,4)
[[30/07/2017 20:05:12]] White move: Horse 0 to (2,7)
[[30/07/2017 20:05:13]] Black move: Queen 2 to (3,7)
[[30/07/2017 20:05:13]] White move: Horse 0 to (0,6)
[[30/07/2017 20:05:14]] Black move: Queen 2 to (0,7)
[[30/07/2017 20:05:15]] White move: Horse 0 to (1,4)
[[30/07/2017 20:05:15]] Black move: Queen 2 to (0,4)
[[30/07/2017 20:05:16]] White move: Horse 0 to (3,3)
[[30/07/2017 20:05:17]] Black move: Queen 2 to (3,4)
[[30/07/2017 20:05:17]] White move: Horse 0 to (4,1)
[[30/07/2017 20:05:18]] Black move: Queen 2 to (3,1)
[[30/07/2017 20:05:19]] White move: Horse 0 to (6,2)
[[30/07/2017 20:05:19]] Black move: Queen 2 to (6,1)
[[30/07/2017 20:05:20]] White move: Horse 0 to (7,4)
[[30/07/2017 20:05:21]] Black move: Queen 2 to (6,4)
[[30/07/2017 20:05:22]] White move: Horse 0 to (6,6) [CheckMate]
[[30/07/2017 20:05:23]] Black move: Queen 2 to (6,6)
[[30/07/2017 20:05:23]] Black wins.
