[[18/07/2017 23:48:49]] New game
[[18/07/2017 23:48:53]] Position Selected: Horse 0 in (4,3)
[[18/07/2017 23:48:55]] Position Selected: Queen 2 in (7,2)
[[18/07/2017 23:48:57]] Position Selected: Horse 1 in (1,2)
[[18/07/2017 23:49:01]] White move: Horse 0 to (6,4)
[[18/07/2017 23:49:03]] Black move: Queen 2 to (1,2)
[[18/07/2017 23:49:05]] White move: Horse 0 to (4,3)
[[18/07/2017 23:49:06]] Black move: Queen 2 to (4,2)
[[18/07/2017 23:49:08]] White move: Horse 0 to (5,1)
[[18/07/2017 23:49:08]] Black move: Queen 2 to (5,2)
[[18/07/2017 23:49:09]] White move: Horse 0 to (4,3)
[[18/07/2017 23:49:10]] Black move: Queen 2 to (5,3)
[[18/07/2017 23:49:11]] White move: Horse 0 to (6,2)
[[18/07/2017 23:49:11]] Black move: Queen 2 to (6,3)
[[18/07/2017 23:49:12]] White move: Horse 0 to (5,4)
[[18/07/2017 23:49:13]] Black move: Queen 2 to (6,4)
[[18/07/2017 23:49:13]] White move: Horse 0 to (7,5)
[[18/07/2017 23:49:14]] Black move: Queen 2 to (7,4)
[[18/07/2017 23:49:15]] White move: Horse 0 to (6,3)
[[18/07/2017 23:49:16]] Black move: Queen 2 to (6,4)
[[18/07/2017 23:49:17]] White move: Horse 0 to (5,5)
[[18/07/2017 23:49:18]] Black move: Queen 2 to (6,5)
[[18/07/2017 23:50:10]] Position Selected: Horse 1 in (6,1)
[[18/07/2017 23:52:12]] New game
[[18/07/2017 23:52:22]] Position Selected: Horse 0 in (6,2)
[[18/07/2017 23:52:24]] Position Selected: Queen 2 in (6,1)
[[18/07/2017 23:52:28]] Position Selected: Horse 1 in (5,3)
[[18/07/2017 23:52:32]] White move: Horse 1 to (6,1)
[[18/07/2017 23:52:32]] White wins
[[18/07/2017 23:52:43]] New game
[[18/07/2017 23:52:47]] Position Selected: Queen 2 in (2,2)
[[18/07/2017 23:52:48]] Position Selected: Horse 0 in (6,2)
[[18/07/2017 23:52:51]] Position Selected: Horse 1 in (5,1)
[[18/07/2017 23:52:54]] White move: Horse 1 to (4,3)
[[18/07/2017 23:52:55]] Black move: Queen 2 to (6,2)
[[18/07/2017 23:52:57]] White move: Horse 1 to (6,2)
[[18/07/2017 23:52:57]] White wins
[[18/07/2017 23:59:04]] New game
[[18/07/2017 23:59:07]] Position Selected: Queen 2 in (6,3)
[[18/07/2017 23:59:09]] Position Selected: Horse 1 in (1,2)
[[18/07/2017 23:59:11]] Position Selected: Horse 0 in (4,6)
[[18/07/2017 23:59:14]] White move: Horse 0 to (5,4)
[[18/07/2017 23:59:15]] Black move: Queen 2 to (1,3)
[[18/07/2017 23:59:16]] White move: Horse 1 to (0,4)
[[18/07/2017 23:59:17]] Black move: Queen 2 to (0,3)
[[18/07/2017 23:59:18]] White move: Horse 1 to (1,2)
[[18/07/2017 23:59:19]] Black move: Queen 2 to (1,3)
[[18/07/2017 23:59:20]] White move: Horse 1 to (0,4)
[[18/07/2017 23:59:20]] Black move: Queen 2 to (0,3)
[[18/07/2017 23:59:21]] White move: Horse 1 to (1,2)
[[18/07/2017 23:59:22]] Black move: Queen 2 to (1,3)
[[18/07/2017 23:59:23]] White move: Horse 1 to (0,4)
[[18/07/2017 23:59:23]] Black move: Queen 2 to (0,3)
[[18/07/2017 23:59:24]] White move: Horse 1 to (1,2)
[[18/07/2017 23:59:25]] Black move: Queen 2 to (0,2)
[[18/07/2017 23:59:25]] White move: Horse 1 to (3,1)
[[18/07/2017 23:59:26]] Black move: Queen 2 to (3,2)
[[18/07/2017 23:59:46]] White move: Horse 1 to (4,3)
[[18/07/2017 23:59:47]] Black move: Queen 2 to (3,3)
[[18/07/2017 23:59:48]] White move: Horse 0 to (3,3)
[[18/07/2017 23:59:48]] White wins
[[18/07/2017 23:59:58]] New game
