[[20/07/2017 06:05:06]] New game
[[20/07/2017 06:05:20]] Position Selected: Horse 0 in (0,2)
[[20/07/2017 06:05:21]] Position Selected: Horse 1 in (6,2)
[[20/07/2017 06:05:23]] Position Selected: Queen 2 in (3,7)
[[20/07/2017 06:05:26]] White move: Horse 1 to (5,4)
[[20/07/2017 06:05:28]] Black move: Queen 2 to (3,4)
[[20/07/2017 06:05:32]] White move: Horse 0 to (2,3)
[[20/07/2017 06:05:37]] Black move: Queen 2 to (5,4)
[[20/07/2017 06:05:42]] White move: Horse 0 to (4,2)
[[20/07/2017 06:05:47]] Black move: Queen 2 to (5,2)
[[20/07/2017 06:05:48]] White move: Horse 0 to (6,1)
[[20/07/2017 06:05:50]] Black move: Queen 2 to (5,1)
[[20/07/2017 06:05:51]] White move: Horse 0 to (4,0)
[[20/07/2017 06:05:52]] Black move: Queen 2 to (4,1)
[[20/07/2017 06:05:53]] White move: Horse 0 to (3,2)
[[20/07/2017 06:05:54]] Black move: Queen 2 to (3,1)
[[20/07/2017 06:05:55]] White move: Horse 0 to (2,0)
[[20/07/2017 06:05:55]] Black move: Queen 2 to (2,1)
[[20/07/2017 06:05:56]] White move: Horse 0 to (3,2)
[[20/07/2017 06:05:57]] Black move: Queen 2 to (2,2)
[[20/07/2017 06:05:58]] White move: Horse 0 to (1,1)
[[20/07/2017 06:05:58]] Black move: Queen 2 to (1,2)
[[20/07/2017 06:05:59]] White move: Horse 0 to (0,3)
[[20/07/2017 06:06:00]] Black move: Queen 2 to (0,2)
[[20/07/2017 06:06:00]] White move: Horse 0 to (1,1)
[[20/07/2017 06:06:01]] Black move: Queen 2 to (0,1)
[[20/07/2017 06:06:02]] White move: Horse 0 to (2,3)
[[20/07/2017 06:06:02]] Black move: Queen 2 to (0,3)
[[20/07/2017 06:06:05]] White move: Horse 0 to (1,1)
[[20/07/2017 06:06:06]] Black move: Queen 2 to (0,1)
[[20/07/2017 06:06:07]] White move: Horse 0 to (3,0)
[[20/07/2017 06:06:08]] Black move: Queen 2 to (3,1)
[[20/07/2017 06:06:09]] White move: Horse 0 to (2,2)
[[20/07/2017 06:06:10]] Black move: Queen 2 to (2,1)
[[20/07/2017 06:06:11]] White move: Horse 0 to (3,0)
[[20/07/2017 06:06:12]] Black move: Queen 2 to (2,0)
[[20/07/2017 06:06:13]] White move: Horse 0 to (1,1)
[[20/07/2017 06:06:14]] Black move: Queen 2 to (2,1)
[[20/07/2017 06:06:15]] White move: Horse 0 to (3,0)
[[20/07/2017 06:06:15]] Black move: Queen 2 to (2,0)
[[20/07/2017 06:06:16]] White move: Horse 0 to (1,1)
[[20/07/2017 06:06:17]] Black move: Queen 2 to (1,0)
[[20/07/2017 06:06:17]] White move: Horse 0 to (3,2)
[[20/07/2017 06:06:18]] Black move: Queen 2 to (1,2)
[[20/07/2017 06:06:22]] White move: Horse 0 to (2,4)
[[20/07/2017 06:06:24]] Black move: Queen 2 to (1,4)
[[20/07/2017 06:06:25]] White move: Horse 0 to (0,5)
[[20/07/2017 06:06:27]] Black move: Queen 2 to (0,4)
[[20/07/2017 06:06:27]] White move: Horse 0 to (1,3)
[[20/07/2017 06:06:28]] Black move: Queen 2 to (0,3)
[[20/07/2017 06:06:29]] White move: Horse 0 to (3,2)
[[20/07/2017 06:06:29]] Black move: Queen 2 to (3,3)
[[20/07/2017 06:06:30]] White move: Horse 0 to (2,4)
[[20/07/2017 06:06:31]] Black move: Queen 2 to (3,4)
[[20/07/2017 06:06:32]] White move: Horse 0 to (4,5)
[[20/07/2017 06:06:33]] Black move: Queen 2 to (3,5)
[[20/07/2017 06:06:34]] White move: Horse 0 to (2,6)
[[20/07/2017 06:06:35]] Black move: Queen 2 to (3,6)
[[20/07/2017 06:06:35]] White move: Horse 0 to (4,5)
[[20/07/2017 06:06:36]] Black move: Queen 2 to (3,5)
[[20/07/2017 06:06:37]] White move: Horse 0 to (2,4)
[[20/07/2017 06:06:37]] Black move: Queen 2 to (2,5)
[[20/07/2017 06:06:38]] White move: Horse 0 to (3,6)
[[20/07/2017 06:06:39]] Black move: Queen 2 to (3,5)
[[20/07/2017 06:06:40]] White move: Horse 0 to (4,4)
[[20/07/2017 06:06:41]] Black move: Queen 2 to (3,4)
[[20/07/2017 06:06:41]] White move: Horse 0 to (2,3)
[[20/07/2017 06:06:42]] Black move: Queen 2 to (3,3)
[[20/07/2017 06:06:43]] White move: Horse 0 to (4,4)
[[20/07/2017 06:06:47]] New game
[[20/07/2017 06:16:30]] Position Selected: Queen 2 in (7,7)
[[20/07/2017 06:16:33]] Position Selected: Horse 0 in (0,6)
[[20/07/2017 06:16:47]] Position Selected: Horse 1 in (7,0)
[[20/07/2017 06:16:51]] White move: Horse 1 to (6,2)
[[20/07/2017 06:16:53]] Black move: Queen 2 to (7,2)
[[20/07/2017 06:16:55]] White move: Horse 1 to (4,1)
[[20/07/2017 06:17:02]] Black move: Queen 2 to (4,2)
[[20/07/2017 06:17:04]] White move: Horse 1 to (3,3)
[[20/07/2017 06:17:05]] Black move: Queen 2 to (4,3)
[[20/07/2017 06:17:05]] White move: Horse 1 to (5,2)
[[20/07/2017 06:17:06]] Black move: Queen 2 to (5,3)
[[20/07/2017 06:17:07]] White move: Horse 1 to (4,4)
[[20/07/2017 06:17:07]] Black move: Queen 2 to (4,3)
[[20/07/2017 06:17:08]] White move: Horse 1 to (5,2)
[[20/07/2017 06:17:09]] Black move: Queen 2 to (4,2)
[[20/07/2017 06:17:10]] White move: Horse 1 to (3,1)
[[20/07/2017 06:17:10]] Black move: Queen 2 to (3,2)
[[20/07/2017 06:17:11]] White move: Horse 1 to (2,3)
[[20/07/2017 06:17:11]] Black move: Queen 2 to (3,3)
[[20/07/2017 06:17:12]] White move: Horse 1 to (4,4)
[[20/07/2017 06:17:13]] Black move: Queen 2 to (3,4)
[[20/07/2017 06:17:13]] White move: Horse 1 to (2,3)
[[20/07/2017 06:17:14]] Black move: Queen 2 to (3,3)
[[20/07/2017 06:17:14]] White move: Horse 1 to (4,4)
[[20/07/2017 06:17:15]] Black move: Queen 2 to (3,4)
[[20/07/2017 06:17:15]] White move: Horse 1 to (2,5)
[[20/07/2017 06:17:16]] Black move: Queen 2 to (3,5)
[[20/07/2017 06:17:17]] White move: Horse 1 to (4,4)
[[20/07/2017 06:17:18]] Black move: Queen 2 to (3,4)
[[20/07/2017 06:17:18]] White move: Horse 1 to (2,5)
[[20/07/2017 06:17:19]] Black move: Queen 2 to (3,5)
[[20/07/2017 06:17:20]] White move: Horse 1 to (4,4)
[[20/07/2017 06:17:21]] Black move: Queen 2 to (3,4)
[[20/07/2017 06:17:21]] White move: Horse 1 to (2,3)
[[20/07/2017 06:17:22]] Black move: Queen 2 to (2,4)
[[20/07/2017 06:17:23]] White move: Horse 0 to (,)
[[20/07/2017 06:17:23]] Black move: Queen 2 to (2,3)
[[20/07/2017 06:17:28]] White move: Horse 0 to (1,4)
[[20/07/2017 06:17:41]] New game
[[20/07/2017 06:17:45]] Position Selected: Queen 2 in (7,7)
[[20/07/2017 06:17:49]] Position Selected: Horse 1 in (1,7)
[[20/07/2017 06:17:51]] Position Selected: Horse 0 in (7,0)
[[20/07/2017 06:17:55]] White move: Horse 1 to (3,6)
[[20/07/2017 06:17:56]] Black move: Queen 2 to (7,0)
[[20/07/2017 06:17:58]] White move: Horse 1 to (4,4)
[[20/07/2017 06:18:00]] Black move: Queen 2 to (7,4)
[[20/07/2017 06:18:02]] White move: Horse 1 to (6,5)
[[20/07/2017 06:18:03]] Black move: Queen 2 to (7,5)
[[20/07/2017 06:18:04]] White move: Horse 1 to (4,6)
[[20/07/2017 06:18:05]] Black move: Queen 2 to (4,5)
[[20/07/2017 06:18:05]] White move: Horse 1 to (5,4)
[[20/07/2017 06:18:06]] Black move: Queen 2 to (5,5)
[[20/07/2017 06:18:07]] White move: Horse 1 to (6,6)
[[20/07/2017 06:18:08]] Black move: Queen 2 to (6,5)
[[20/07/2017 06:18:09]] White move: Horse 1 to (5,4)
[[20/07/2017 06:18:10]] Black move: Queen 2 to (5,5)
[[20/07/2017 06:18:10]] Black move: Queen 2 to (5,4)
[[20/07/2017 06:18:34]] White move: Horse 1 to (-1,-1)
[[20/07/2017 20:39:52]] New game
