[[02/08/2017 13:38:29]] New game
[[02/08/2017 13:38:47]] Position Selected: Horse 0 in (7,0)
[[02/08/2017 13:38:49]] Position Selected: Horse 1 in (0,0)
[[02/08/2017 13:38:56]] Position Selected: Queen 2 in (3,3)
[[02/08/2017 13:39:04]] White move: Horse 1 to (1,2)
[[02/08/2017 13:39:05]] Black move: Queen 2 to (1,1)
[[02/08/2017 13:39:06]] White move: Horse 1 to (2,4)
[[02/08/2017 13:39:07]] Black move: Queen 2 to (1,4)
[[02/08/2017 13:39:08]] White move: Horse 1 to (4,3)
[[02/08/2017 13:39:09]] Black move: Queen 2 to (4,4)
[[02/08/2017 13:39:10]] White move: Horse 0 to (5,1)
[[02/08/2017 13:39:10]] Black move: Queen 2 to (4,3)
[[02/08/2017 13:39:11]] White move: Horse 0 to (4,3)
[[02/08/2017 13:39:11]] White wins.
[[02/08/2017 13:39:17]] New game
[[02/08/2017 13:39:26]] Position Selected: Horse 0 in (7,0)
[[02/08/2017 13:39:28]] Position Selected: Queen 2 in (4,3)
[[02/08/2017 13:39:31]] Position Selected: Horse 1 in (1,0)
[[02/08/2017 13:39:35]] White move: Horse 0 to (6,2)
[[02/08/2017 13:39:37]] Black move: Queen 2 to (1,0)
[[02/08/2017 13:39:39]] White move: Horse 0 to (4,1)
[[02/08/2017 13:39:40]] Black move: Queen 2 to (4,0)
[[02/08/2017 13:39:41]] White move: Horse 0 to (5,3)
[[02/08/2017 13:39:42]] Black move: Queen 2 to (4,3)
[[02/08/2017 13:39:43]] White move: Horse 0 to (7,4)
[[02/08/2017 13:39:44]] Black move: Queen 2 to (7,3)
[[02/08/2017 13:39:45]] White move: Horse 0 to (6,6)
[[02/08/2017 13:39:46]] Black move: Queen 2 to (7,6)
[[02/08/2017 13:39:47]] White move: Horse 0 to (4,7)
[[02/08/2017 13:39:47]] Black move: Queen 2 to (4,6)
[[02/08/2017 13:39:48]] White move: Horse 0 to (5,5) [CheckMate]
[[02/08/2017 13:39:55]] Black move: Queen 2 to (5,5)
[[02/08/2017 13:39:55]] Black wins.
