[[19/07/2017 00:00:01]] Position Selected: Horse 0 in (0,3)
[[19/07/2017 00:00:04]] Position Selected: Queen 2 in (1,3)
[[19/07/2017 00:00:05]] Position Selected: Horse 1 in (1,4)
[[19/07/2017 00:00:08]] White move: Horse 1 to (0,2)
[[19/07/2017 00:00:12]] Black move: Queen 2 to (0,3)
[[19/07/2017 00:00:14]] White move: Horse 1 to (1,4)
[[19/07/2017 00:00:16]] Black move: Queen 2 to (1,3)
[[19/07/2017 00:00:22]] White move: Horse 1 to (0,2)
[[19/07/2017 00:00:24]] Black move: Queen 2 to (0,3)
[[19/07/2017 00:00:29]] White move: Horse 1 to (1,4)
[[19/07/2017 00:00:30]] Black move: Queen 2 to (1,3)
[[19/07/2017 00:00:32]] White move: Horse 1 to (2,2)
[[19/07/2017 00:00:34]] Black move: Queen 2 to (2,3)
[[19/07/2017 00:00:35]] White move: Horse 1 to (3,4)
[[19/07/2017 00:00:36]] Black move: Queen 2 to (3,3)
[[19/07/2017 00:00:37]] White move: Horse 1 to (2,2)
[[19/07/2017 00:00:38]] Black move: Queen 2 to (3,2)
[[19/07/2017 00:00:39]] White move: Horse 1 to (4,3)
[[19/07/2017 00:00:39]] Black move: Queen 2 to (3,3)
[[19/07/2017 00:00:40]] White move: Horse 1 to (2,2)
[[19/07/2017 00:00:41]] Black move: Queen 2 to (3,2)
[[19/07/2017 00:00:42]] White move: Horse 1 to (4,1)
[[19/07/2017 00:00:42]] Black move: Queen 2 to (4,2)
[[19/07/2017 00:00:43]] White move: Horse 1 to (3,3)
[[19/07/2017 00:00:44]] Black move: Queen 2 to (4,3)
[[19/07/2017 00:00:44]] White move: Horse 1 to (5,4)
[[19/07/2017 00:00:45]] Black move: Queen 2 to (4,4)
[[19/07/2017 00:00:46]] White move: Horse 1 to (3,3)
[[19/07/2017 00:00:46]] Black move: Queen 2 to (4,3)
[[19/07/2017 00:00:47]] White move: Horse 1 to (5,4)
[[19/07/2017 00:00:48]] Black move: Queen 2 to (4,4)
[[19/07/2017 00:00:48]] White move: Horse 1 to (3,3)
[[19/07/2017 00:00:49]] Black move: Queen 2 to (4,3)
[[19/07/2017 00:00:49]] White move: Horse 1 to (5,4)
[[19/07/2017 00:00:50]] Black move: Queen 2 to (5,3)
[[19/07/2017 00:00:51]] White move: Horse 1 to (4,2)
[[19/07/2017 00:00:51]] Black move: Queen 2 to (5,2)
[[19/07/2017 00:00:52]] White move: Horse 1 to (6,3)
[[19/07/2017 00:00:52]] Black move: Queen 2 to (5,3)
[[19/07/2017 00:00:53]] White move: Horse 1 to (4,4)
[[19/07/2017 00:00:53]] White move: Horse 1 to (6,5)
[[19/07/2017 00:00:53]] Black move: Queen 2 to (5,5)
[[19/07/2017 00:00:56]] White move: Horse 1 to (4,6)
[[19/07/2017 00:00:57]] Black move: Queen 2 to (5,6)
[[19/07/2017 00:00:57]] White move: Horse 1 to (6,5)
[[19/07/2017 00:00:59]] Black move: Queen 2 to (6,6)
[[19/07/2017 00:01:01]] White move: Horse 1 to (7,7)
[[19/07/2017 00:01:22]] New game
[[19/07/2017 00:02:07]] New game
[[19/07/2017 00:02:16]] Position Selected: Queen 2 in (3,7)
[[19/07/2017 00:02:19]] Position Selected: Horse 1 in (4,7)
[[19/07/2017 00:02:20]] Position Selected: Horse 0 in (2,7)
[[19/07/2017 00:02:26]] White move: Horse 1 to (2,6)
[[19/07/2017 00:02:33]] Black move: Queen 2 to (2,7)
[[19/07/2017 00:02:36]] White move: Horse 1 to (0,5)
[[19/07/2017 00:02:38]] Black move: Queen 2 to (0,7)
[[19/07/2017 00:02:40]] White move: Horse 1 to (2,6)
[[19/07/2017 00:02:41]] Black move: Queen 2 to (2,7)
[[19/07/2017 00:02:42]] White move: Horse 1 to (0,5)
[[19/07/2017 00:02:43]] Black move: Queen 2 to (2,5)
[[19/07/2017 00:02:44]] White move: Horse 1 to (1,3)
[[19/07/2017 00:02:46]] Black move: Queen 2 to (2,3)
[[19/07/2017 00:05:15]] New game
[[19/07/2017 00:05:22]] Position Selected: Horse 0 in (1,6)
[[19/07/2017 00:05:26]] Position Selected: Horse 1 in (4,4)
[[19/07/2017 00:05:32]] Position Selected: Queen 2 in (1,3)
[[19/07/2017 00:05:35]] White move: Horse 0 to (0,4)
[[19/07/2017 00:05:38]] Black move: Queen 2 to (4,3)
[[19/07/2017 00:05:39]] White move: Horse 1 to (5,2)
[[19/07/2017 00:05:43]] Black move: Queen 2 to (5,3)
[[19/07/2017 00:05:45]] White move: Horse 1 to (4,4)
[[19/07/2017 00:05:46]] Black move: Queen 2 to (5,4)
[[19/07/2017 00:05:48]] White move: Horse 1 to (6,3)
[[19/07/2017 00:05:49]] Black move: Queen 2 to (0,4)
[[19/07/2017 00:05:51]] White move: Horse 1 to (5,5)
[[19/07/2017 00:05:52]] Black move: Queen 2 to (5,4)
[[19/07/2017 00:05:54]] White move: Horse 1 to (4,3)
[[19/07/2017 00:05:55]] Black move: Queen 2 to (5,3)
[[19/07/2017 00:05:56]] White move: Horse 1 to (6,2)
[[19/07/2017 00:05:57]] Black move: Queen 2 to (5,2)
[[19/07/2017 00:05:58]] White move: Horse 1 to (4,1)
[[19/07/2017 00:05:59]] Black move: Queen 2 to (4,2)
[[19/07/2017 00:06:00]] White move: Horse 1 to (3,3)
[[19/07/2017 00:10:59]] New game
[[19/07/2017 00:11:12]] Position Selected: Horse 0 in (1,5)
[[19/07/2017 00:11:14]] Position Selected: Queen 2 in (0,3)
[[19/07/2017 00:11:20]] Position Selected: Horse 1 in (1,1)
[[19/07/2017 00:11:23]] White move: Horse 1 to (0,3)
[[19/07/2017 00:11:23]] White wins
[[19/07/2017 00:12:33]] New game
[[19/07/2017 00:12:52]] Position Selected: Horse 0 in (1,7)
[[19/07/2017 00:12:56]] New game
[[19/07/2017 00:12:56]] Position Selected: Queen 2 in (0,7)
[[19/07/2017 00:12:58]] Position Selected: Horse 1 in (0,6)
[[19/07/2017 00:13:03]] White move: Horse 1 to (1,4)
[[19/07/2017 00:13:04]] Position Selected: Horse 0 in (4,7)
[[19/07/2017 00:13:08]] Position Selected: Queen 2 in (4,0)
[[19/07/2017 00:13:11]] Position Selected: Horse 1 in (2,6)
[[19/07/2017 00:13:12]] Black move: Queen 2 to (1,7)
[[19/07/2017 00:13:14]] White move: Horse 1 to (3,4)
[[19/07/2017 00:13:15]] White move: Horse 1 to (0,6)
[[19/07/2017 00:13:15]] Black move: Queen 2 to (4,7)
[[19/07/2017 00:13:17]] Black move: Queen 2 to (1,6)
[[19/07/2017 00:13:17]] White move: Horse 1 to (2,6)
[[19/07/2017 00:13:18]] White move: Horse 1 to (2,7)
[[19/07/2017 00:13:18]] Black move: Queen 2 to (2,7)
[[19/07/2017 00:13:19]] White move: Horse 1 to (4,5)
[[19/07/2017 00:13:19]] Black move: Queen 2 to (1,7)
[[19/07/2017 00:13:20]] Black move: Queen 2 to (2,5)
[[19/07/2017 00:13:20]] White move: Horse 1 to (0,6)
[[19/07/2017 00:13:21]] White move: Horse 1 to (3,7)
[[19/07/2017 00:13:22]] Black move: Queen 2 to (2,7)
[[19/07/2017 00:13:22]] Black move: Queen 2 to (1,6)
[[19/07/2017 00:13:22]] White move: Horse 1 to (1,6)
[[19/07/2017 00:13:22]] White move: Horse 1 to (2,7)
[[19/07/2017 00:13:23]] Black move: Queen 2 to (2,6)
[[19/07/2017 00:13:23]] Black move: Queen 2 to (2,6)
[[19/07/2017 00:13:24]] White move: Horse 1 to (3,5)
[[19/07/2017 00:13:25]] Black move: Queen 2 to (3,6)
[[19/07/2017 00:13:25]] White move: Horse 1 to (2,7)
[[19/07/2017 00:13:26]] Black move: Queen 2 to (2,6)
[[19/07/2017 00:13:27]] White move: Horse 1 to (1,5)
[[19/07/2017 00:13:28]] Black move: Queen 2 to (1,6)
[[19/07/2017 00:13:29]] White move: Horse 1 to (2,7)
[[19/07/2017 00:13:30]] Black move: Queen 2 to (1,7)
[[19/07/2017 00:13:31]] White move: Horse 1 to (0,6)
[[19/07/2017 00:13:31]] Black move: Queen 2 to (0,7)
[[19/07/2017 00:13:32]] White move: Horse 1 to (1,4)
[[19/07/2017 00:13:33]] Black move: Queen 2 to (0,4)
[[19/07/2017 00:13:34]] White move: Horse 1 to (3,5)
[[19/07/2017 00:13:34]] Black move: Queen 2 to (3,4)
[[19/07/2017 00:13:35]] White move: Horse 1 to (4,3)
[[19/07/2017 00:13:36]] Black move: Queen 2 to (3,3)
[[19/07/2017 00:13:37]] White move: Horse 1 to (2,2)
[[19/07/2017 00:13:37]] Black move: Queen 2 to (2,3)
[[19/07/2017 00:13:38]] White move: Horse 1 to (3,4)
[[19/07/2017 00:13:39]] Black move: Queen 2 to (2,4)
[[19/07/2017 00:13:40]] White move: Horse 1 to (1,3)
[[19/07/2017 00:13:40]] Black move: Queen 2 to (1,4)
[[19/07/2017 00:13:41]] White move: Horse 1 to (0,5)
[[19/07/2017 00:13:42]] Black move: Queen 2 to (0,4)
[[19/07/2017 00:13:43]] White move: Horse 1 to (1,3)
[[19/07/2017 00:13:43]] Black move: Queen 2 to (1,4)
[[19/07/2017 00:13:44]] White move: Horse 1 to (0,5)
[[19/07/2017 00:13:45]] Black move: Queen 2 to (0,4)
[[19/07/2017 00:13:46]] White move: Horse 1 to (1,3)
[[19/07/2017 00:13:46]] Black move: Queen 2 to (1,4)
[[19/07/2017 00:13:47]] White move: Horse 1 to (0,5)
[[19/07/2017 00:13:48]] Black move: Queen 2 to (1,5)
[[19/07/2017 00:13:49]] White move: Horse 1 to (2,6)
[[19/07/2017 00:13:49]] Black move: Queen 2 to (1,6)
[[19/07/2017 00:13:50]] White move: Horse 1 to (0,7)
[[19/07/2017 00:13:51]] Black move: Queen 2 to (0,6)
[[19/07/2017 00:13:52]] White move: Horse 1 to (1,5)
[[19/07/2017 00:13:52]] Black move: Queen 2 to (0,5)
[[19/07/2017 00:13:53]] White move: Horse 1 to (2,7)
[[19/07/2017 00:13:54]] Black move: Queen 2 to (2,5)
[[19/07/2017 00:13:54]] White move: Horse 1 to (0,6)
[[19/07/2017 00:13:55]] Black move: Queen 2 to (0,5)
[[19/07/2017 00:13:55]] White move: Horse 1 to (1,4)
[[19/07/2017 00:13:55]] Black move: Queen 2 to (1,5)
[[19/07/2017 00:13:56]] White move: Horse 1 to (0,6)
[[19/07/2017 00:13:56]] White move: Horse 1 to (2,7)
[[19/07/2017 00:13:56]] White move: Horse 1 to (1,5)
[[19/07/2017 00:13:56]] White wins
[[19/07/2017 00:13:56]] Black move: Queen 2 to (1,4)
[[19/07/2017 00:13:57]] Black move: Queen 2 to (1,5)
[[19/07/2017 00:13:57]] Black wins
[[19/07/2017 00:13:57]] White move: Horse 1 to (-1,-1)
[[19/07/2017 00:13:57]] White wins
[[19/07/2017 00:13:57]] White move: Horse 1 to (-1,-1)
[[19/07/2017 00:13:57]] White wins
[[19/07/2017 00:13:57]] White move: Horse 1 to (-1,-1)
[[19/07/2017 00:13:57]] White wins
[[19/07/2017 00:27:36]] White move: Horse 1 to (1,5)
[[19/07/2017 00:27:38]] Black move: Queen 2 to (2,5)
[[19/07/2017 00:27:40]] White move: Horse 1 to (3,6)
[[19/07/2017 00:27:41]] Black move: Queen 2 to (3,5)
[[19/07/2017 00:27:42]] White move: Horse 1 to (2,4)
[[19/07/2017 00:27:44]] Black move: Queen 2 to (2,5)
[[19/07/2017 00:27:45]] White move: Horse 1 to (1,6)
[[19/07/2017 00:27:46]] Black move: Queen 2 to (1,5)
[[19/07/2017 00:27:47]] White move: Horse 1 to (0,4)
[[19/07/2017 00:27:49]] Black move: Queen 2 to (1,4)
[[19/07/2017 00:27:50]] White move: Horse 1 to (2,5)
[[19/07/2017 00:27:51]] Black move: Queen 2 to (2,4)
[[19/07/2017 00:27:52]] White move: Horse 1 to (1,3)
[[19/07/2017 00:27:53]] Black move: Queen 2 to (2,3)
[[19/07/2017 00:27:54]] White move: Horse 1 to (3,4)
[[19/07/2017 00:27:56]] Black move: Queen 2 to (3,3)
[[19/07/2017 00:27:57]] White move: Horse 1 to (2,2)
[[19/07/2017 00:27:58]] Black move: Queen 2 to (2,3)
[[19/07/2017 00:27:59]] White move: Horse 1 to (3,4)
[[19/07/2017 00:28:00]] Black move: Queen 2 to (2,4)
[[19/07/2017 00:28:01]] White move: Horse 1 to (1,3)
[[19/07/2017 00:28:02]] Black move: Queen 2 to (2,3)
[[19/07/2017 00:28:03]] White move: Horse 1 to (3,2)
[[19/07/2017 00:28:03]] Black move: Queen 2 to (2,2)
[[19/07/2017 00:28:04]] White move: Horse 1 to (1,1)
[[19/07/2017 00:28:05]] Black move: Queen 2 to (1,2)
[[19/07/2017 00:28:06]] White move: Horse 1 to (0,3)
[[19/07/2017 00:28:07]] Black move: Queen 2 to (1,3)
[[19/07/2017 00:28:08]] White move: Horse 1 to (2,2)
[[19/07/2017 00:28:12]] New game
[[19/07/2017 00:28:24]] Position Selected: Queen 2 in (4,5)
[[19/07/2017 00:28:28]] Position Selected: Horse 1 in (7,0)
[[19/07/2017 00:28:35]] White move: Horse 1 to (5,1)
[[19/07/2017 00:28:35]] Position Selected: Horse 0 in (0,0)
[[19/07/2017 00:28:37]] Black move: Queen 2 to (4,1)
[[19/07/2017 00:28:40]] White move: Horse 1 to (3,2)
[[19/07/2017 00:28:42]] Black move: Queen 2 to (4,2)
[[19/07/2017 00:28:44]] White move: Horse 1 to (5,3)
[[19/07/2017 00:28:45]] Black move: Queen 2 to (4,3)
[[19/07/2017 00:28:47]] White move: Horse 1 to (3,4)
[[19/07/2017 00:28:48]] Black move: Queen 2 to (4,4)
[[19/07/2017 00:28:49]] White move: Horse 1 to (5,3)
[[19/07/2017 00:28:50]] Black move: Queen 2 to (4,3)
[[19/07/2017 00:28:52]] White move: Horse 1 to (3,2)
[[19/07/2017 00:28:53]] Black move: Queen 2 to (3,3)
[[19/07/2017 00:28:54]] White move: Horse 1 to (2,4)
[[19/07/2017 00:28:55]] Black move: Queen 2 to (3,4)
[[19/07/2017 00:28:56]] White move: Horse 1 to (4,5)
[[19/07/2017 00:28:57]] Black move: Queen 2 to (3,5)
[[19/07/2017 00:28:58]] White move: Horse 1 to (2,6)
[[19/07/2017 00:28:59]] Black move: Queen 2 to (2,5)
[[19/07/2017 00:29:01]] White move: Horse 1 to (3,4)
[[19/07/2017 00:29:02]] Black move: Queen 2 to (3,5)
[[19/07/2017 00:29:02]] White move: Horse 1 to (4,6)
[[19/07/2017 00:29:03]] Black move: Queen 2 to (3,6)
[[19/07/2017 00:29:04]] White move: Horse 1 to (2,5)
[[19/07/2017 00:29:05]] Black move: Queen 2 to (2,6)
[[19/07/2017 00:29:06]] White move: Horse 1 to (1,7)
[[19/07/2017 00:29:07]] Black move: Queen 2 to (1,6)
[[19/07/2017 00:29:09]] White move: Horse 1 to (0,5)
[[19/07/2017 00:29:11]] Black move: Queen 2 to (0,6)
[[19/07/2017 00:29:12]] White move: Horse 1 to (1,7)
[[19/07/2017 00:29:14]] Black move: Queen 2 to (0,0)
[[19/07/2017 00:29:17]] White move: Horse 1 to (2,5)
[[19/07/2017 00:29:19]] Black move: Queen 2 to (0,5)
[[19/07/2017 00:29:21]] White move: Horse 1 to (1,3)
[[19/07/2017 00:29:23]] Black move: Queen 2 to (0,3)
[[19/07/2017 00:29:25]] White move: Horse 1 to (3,2)
[[19/07/2017 00:29:26]] Black move: Queen 2 to (3,3)
[[19/07/2017 00:29:52]] White move: Horse 1 to (4,4)
[[19/07/2017 00:29:55]] Black move: Queen 2 to (3,4)
[[19/07/2017 00:29:56]] White move: Horse 1 to (2,3)
[[19/07/2017 00:29:59]] Black move: Queen 2 to (3,3)
[[19/07/2017 00:30:02]] White move: Horse 1 to (4,4)
[[19/07/2017 00:30:03]] Black move: Queen 2 to (3,4)
[[19/07/2017 00:30:05]] White move: Horse 1 to (2,5)
[[19/07/2017 00:30:06]] Black move: Queen 2 to (2,4)
[[19/07/2017 00:30:08]] White move: Horse 1 to (3,3)
[[19/07/2017 00:30:09]] Black move: Queen 2 to (2,3)
[[19/07/2017 00:30:11]] White move: Horse 1 to (1,2)
[[19/07/2017 00:30:12]] Black move: Queen 2 to (2,2)
[[19/07/2017 00:30:15]] White move: Horse 1 to (3,3)
[[19/07/2017 00:30:16]] Black move: Queen 2 to (2,3)
[[19/07/2017 00:30:18]] White move: Horse 1 to (1,2)
[[19/07/2017 00:30:19]] Black move: Queen 2 to (2,2)
[[19/07/2017 00:30:21]] White move: Horse 1 to (3,1)
[[19/07/2017 00:30:22]] Black move: Queen 2 to (3,2)
[[19/07/2017 00:30:23]] White move: Horse 1 to (4,3)
[[19/07/2017 00:30:26]] New game
[[19/07/2017 00:30:31]] Position Selected: Queen 2 in (0,4)
[[19/07/2017 00:30:32]] Position Selected: Horse 0 in (1,4)
[[19/07/2017 00:30:35]] Position Selected: Horse 1 in (7,5)
[[19/07/2017 00:30:38]] White move: Horse 0 to (3,5)
[[19/07/2017 00:32:33]] Black move: Queen 2 to (7,4)
[[19/07/2017 00:32:35]] White move: Horse 1 to (6,3)
[[19/07/2017 00:32:36]] Black move: Queen 2 to (7,3)
[[19/07/2017 00:32:37]] White move: Horse 0 to (5,4)
[[19/07/2017 00:32:39]] Black move: Queen 2 to (6,3)
[[19/07/2017 00:32:42]] White move: Horse 0 to (7,5)
[[19/07/2017 00:32:43]] Black move: Queen 2 to (6,5)
[[19/07/2017 00:32:44]] White move: Horse 0 to (5,4)
[[19/07/2017 00:32:46]] Black move: Queen 2 to (6,4)
[[19/07/2017 00:32:47]] White move: Horse 0 to (7,5)
[[19/07/2017 00:32:49]] Black move: Queen 2 to (7,4)
[[19/07/2017 00:32:51]] White move: Horse 0 to (6,3)
[[19/07/2017 00:32:52]] Black move: Queen 2 to (7,3)
[[19/07/2017 00:32:53]] White move: Horse 0 to (4,4)
[[19/07/2017 00:32:54]] Black move: Queen 2 to (4,3)
[[19/07/2017 00:33:18]] White move: Horse 0 to (5,2)
[[19/07/2017 00:33:20]] Black move: Queen 2 to (5,3)
[[19/07/2017 00:33:22]] White move: Horse 0 to (4,4)
[[19/07/2017 00:33:23]] Black move: Queen 2 to (4,3)
[[19/07/2017 00:33:24]] White move: Horse 0 to (3,2)
[[19/07/2017 00:33:25]] Black move: Queen 2 to (4,2)
[[19/07/2017 00:33:26]] White move: Horse 0 to (5,1)
[[19/07/2017 00:33:27]] Black move: Queen 2 to (5,2)
[[19/07/2017 00:33:29]] White move: Horse 0 to (6,3)
[[19/07/2017 00:33:33]] Position Selected: Horse 1 in (2,7)
[[19/07/2017 00:33:35]] Black move: Queen 2 to (6,2)
[[19/07/2017 00:33:37]] White move: Horse 0 to (7,1)
[[19/07/2017 00:33:38]] Black move: Queen 2 to (7,2)
[[19/07/2017 00:33:39]] White move: Horse 0 to (6,3)
[[19/07/2017 00:33:40]] Black move: Queen 2 to (7,3)
[[19/07/2017 00:33:41]] White move: Horse 0 to (4,2)
[[19/07/2017 00:33:41]] Black move: Queen 2 to (4,3)
[[19/07/2017 00:33:42]] White move: Horse 0 to (3,4)
[[19/07/2017 00:33:43]] Black move: Queen 2 to (3,3)
[[19/07/2017 00:33:43]] White move: Horse 0 to (2,2)
[[19/07/2017 00:33:44]] Black move: Queen 2 to (3,2)
[[19/07/2017 00:33:45]] White move: Horse 0 to (4,1)
[[19/07/2017 00:33:46]] Black move: Queen 2 to (4,2)
[[19/07/2017 00:33:49]] White move: Horse 0 to (3,3)
[[19/07/2017 00:33:59]] Black move: Queen 2 to (3,2)
[[19/07/2017 00:34:00]] White move: Horse 0 to (4,1)
[[19/07/2017 00:34:01]] Black move: Queen 2 to (4,2)
[[19/07/2017 00:34:03]] White move: Horse 0 to (3,3)
[[19/07/2017 00:34:04]] Black move: Queen 2 to (4,3)
[[19/07/2017 00:34:05]] White move: Horse 0 to (5,2)
[[19/07/2017 00:34:06]] Black move: Queen 2 to (4,2)
[[19/07/2017 00:34:07]] White move: Horse 0 to (3,3)
[[19/07/2017 00:34:07]] Black move: Queen 2 to (4,3)
[[19/07/2017 00:34:08]] White move: Horse 0 to (5,4)
[[19/07/2017 00:34:09]] Black move: Queen 2 to (5,3)
[[19/07/2017 00:34:10]] White move: Horse 0 to (6,2)
[[19/07/2017 00:34:10]] Black move: Queen 2 to (6,3)
[[19/07/2017 00:34:11]] White move: Horse 0 to (7,4)
[[19/07/2017 00:34:12]] Black move: Queen 2 to (6,4)
[[19/07/2017 00:34:13]] White move: Horse 0 to (5,5)
[[19/07/2017 00:34:14]] Black move: Queen 2 to (5,4)
[[19/07/2017 00:34:15]] White move: Horse 0 to (4,3)
[[19/07/2017 00:34:16]] Black move: Queen 2 to (5,3)
[[19/07/2017 00:34:16]] White move: Horse 0 to (6,2)
[[19/07/2017 00:34:17]] Black move: Queen 2 to (5,2)
[[19/07/2017 00:34:17]] White move: Horse 0 to (4,3)
[[19/07/2017 00:34:18]] Black move: Queen 2 to (4,2)
[[19/07/2017 00:34:19]] White move: Horse 0 to (5,1)
[[19/07/2017 00:34:19]] Black move: Queen 2 to (5,2)
[[19/07/2017 00:34:20]] White move: Horse 0 to (6,3)
[[19/07/2017 00:34:23]] New game
[[19/07/2017 00:35:03]] Position Selected: Queen 2 in (0,7)
[[19/07/2017 00:35:04]] Position Selected: Horse 1 in (7,0)
[[19/07/2017 00:35:07]] Position Selected: Horse 0 in (7,1)
[[19/07/2017 00:35:11]] White move: Horse 0 to (6,3)
[[19/07/2017 00:35:14]] Black move: Queen 2 to (6,7)
[[19/07/2017 00:35:19]] White move: Horse 0 to (5,5)
[[19/07/2017 00:35:24]] Black move: Queen 2 to (6,0)
[[19/07/2017 00:35:27]] White move: Horse 1 to (5,1)
[[19/07/2017 00:35:30]] Black move: Queen 2 to (5,0)
[[19/07/2017 00:35:32]] White move: Horse 1 to (7,2)
[[19/07/2017 00:35:35]] Black move: Queen 2 to (5,5)
[[19/07/2017 00:35:37]] White move: Horse 1 to (6,4)
[[19/07/2017 00:35:39]] Black move: Queen 2 to (6,5)
[[19/07/2017 00:35:41]] White move: Horse 1 to (7,6)
[[19/07/2017 00:35:44]] Black move: Queen 2 to (6,6)
[[19/07/2017 00:35:45]] White move: Horse 1 to (5,5)
[[19/07/2017 00:35:47]] Black move: Queen 2 to (6,5)
[[19/07/2017 00:35:48]] White move: Horse 1 to (7,4)
[[19/07/2017 00:35:50]] Black move: Queen 2 to (6,4)
[[19/07/2017 00:35:53]] White move: Horse 1 to (5,3)
[[19/07/2017 00:35:54]] Black move: Queen 2 to (6,3)
[[19/07/2017 00:35:57]] White move: Horse 1 to (7,4)
[[19/07/2017 00:35:59]] Black move: Queen 2 to (6,4)
[[19/07/2017 00:36:02]] White move: Horse 1 to (5,5)
[[19/07/2017 00:36:03]] Black move: Queen 2 to (5,4)
[[19/07/2017 00:36:04]] White move: Horse 1 to (4,3)
[[19/07/2017 00:36:05]] Black move: Queen 2 to (5,3)
[[19/07/2017 00:36:06]] White move: Horse 1 to (6,4)
[[19/07/2017 00:46:26]] New game
[[19/07/2017 00:46:36]] Position Selected: Queen 2 in (5,1)
[[19/07/2017 00:46:37]] Position Selected: Horse 0 in (7,4)
[[19/07/2017 00:46:39]] Position Selected: Horse 1 in (3,4)
[[19/07/2017 00:46:43]] White move: Horse 1 to (4,2)
[[19/07/2017 00:46:46]] Black move: Queen 2 to (4,1)
[[19/07/2017 00:46:48]] White move: Horse 1 to (5,0)
[[19/07/2017 00:46:49]] Black move: Queen 2 to (4,0)
[[19/07/2017 00:46:51]] White move: Horse 1 to (3,1)
[[19/07/2017 00:46:53]] Black move: Queen 2 to (4,1)
[[19/07/2017 00:46:55]] White move: Horse 1 to (5,0)
[[19/07/2017 00:46:55]] Black move: Queen 2 to (4,0)
[[19/07/2017 00:46:56]] White move: Horse 1 to (3,1)
[[19/07/2017 00:46:57]] Black move: Queen 2 to (4,1)
[[19/07/2017 00:46:58]] White move: Horse 1 to (5,0)
[[19/07/2017 00:47:00]] Black move: Queen 2 to (4,0)
[[19/07/2017 00:47:01]] White move: Horse 1 to (3,1)
[[19/07/2017 00:47:01]] Black move: Queen 2 to (4,1)
[[19/07/2017 00:47:02]] White move: Horse 1 to (5,0)
[[19/07/2017 00:47:03]] Black move: Queen 2 to (5,1)
[[19/07/2017 00:47:03]] White move: Horse 1 to (4,2)
[[19/07/2017 00:47:04]] Black move: Queen 2 to (4,1)
[[19/07/2017 00:47:05]] White move: Horse 1 to (5,0)
[[19/07/2017 00:47:06]] Black move: Queen 2 to (4,0)
[[19/07/2017 00:47:08]] White move: Horse 1 to (3,1)
[[19/07/2017 00:47:09]] Black move: Queen 2 to (4,1)
[[19/07/2017 00:47:10]] White move: Horse 1 to (5,0)
[[19/07/2017 00:47:10]] Black move: Queen 2 to (5,1)
[[19/07/2017 00:47:10]] White move: Horse 1 to (4,2)
[[19/07/2017 00:47:10]] White move: Horse 0 to (6,2)
[[19/07/2017 00:47:10]] White move: Horse 1 to (6,3)
[[19/07/2017 00:47:12]] Black move: Queen 2 to (5,3)
[[19/07/2017 00:47:13]] White move: Horse 1 to (4,4)
[[19/07/2017 00:47:14]] Black move: Queen 2 to (5,4)
[[19/07/2017 00:47:14]] White move: Horse 0 to (5,4)
[[19/07/2017 00:47:14]] White wins
[[19/07/2017 01:26:49]] New game
[[19/07/2017 01:27:17]] Position Selected: Horse 0 in (1,7)
[[19/07/2017 01:27:18]] Position Selected: Horse 1 in (6,7)
[[19/07/2017 01:27:22]] Position Selected: Queen 2 in (4,7)
[[19/07/2017 01:27:27]] White move: Horse 0 to (3,6)
[[19/07/2017 01:27:30]] Black move: Queen 2 to (6,7)
[[19/07/2017 01:27:36]] White move: Horse 0 to (5,5)
[[19/07/2017 01:27:39]] Black move: Queen 2 to (6,5)
[[19/07/2017 01:27:41]] White move: Horse 0 to (7,6)
[[19/07/2017 01:27:43]] Black move: Queen 2 to (6,6)
[[19/07/2017 01:27:44]] White move: Horse 0 to (5,7)
[[19/07/2017 01:27:46]] Black move: Queen 2 to (5,6)
[[19/07/2017 01:27:47]] White move: Horse 0 to (4,5)
[[19/07/2017 01:27:49]] Black move: Queen 2 to (4,6)
[[19/07/2017 01:27:51]] White move: Horse 0 to (5,7)
[[19/07/2017 01:27:53]] Black move: Queen 2 to (5,6)
[[19/07/2017 01:27:54]] White move: Horse 0 to (6,5)
[[19/07/2017 01:27:55]] Black move: Queen 2 to (5,5)
[[19/07/2017 01:27:56]] White move: Horse 0 to (4,4)
[[19/07/2017 01:27:57]] Black move: Queen 2 to (5,4)
[[19/07/2017 01:27:58]] White move: Horse 0 to (6,5)
[[19/07/2017 01:28:00]] Black move: Queen 2 to (5,5)
[[19/07/2017 01:28:01]] White move: Horse 0 to (4,4)
[[19/07/2017 01:28:02]] Black move: Queen 2 to (4,5)
[[19/07/2017 01:28:03]] White move: Horse 0 to (5,6)
[[19/07/2017 01:28:04]] Black move: Queen 2 to (5,5)
[[19/07/2017 01:28:08]] Position Selected: Horse 1 in (4,0)
[[19/07/2017 01:28:09]] White move: Horse 0 to (4,4)
[[19/07/2017 01:28:10]] Black move: Queen 2 to (4,5)
[[19/07/2017 01:28:11]] White move: Horse 0 to (5,6)
[[19/07/2017 01:28:12]] Black move: Queen 2 to (4,6)
[[19/07/2017 01:28:13]] White move: Horse 0 to (3,7)
[[19/07/2017 01:28:14]] Black move: Queen 2 to (3,6)
[[19/07/2017 01:28:15]] White move: Horse 0 to (2,5)
[[19/07/2017 01:28:19]] Black move: Queen 2 to (2,6)
[[19/07/2017 01:28:20]] White move: Horse 0 to (1,7)
[[19/07/2017 01:28:21]] Black move: Queen 2 to (2,7)
[[19/07/2017 01:28:24]] White move: Horse 0 to (3,6)
[[19/07/2017 01:28:27]] Black move: Queen 2 to (2,6)
[[19/07/2017 01:28:28]] White move: Horse 0 to (1,5)
[[19/07/2017 01:28:29]] Black move: Queen 2 to (2,5)
[[19/07/2017 01:28:30]] White move: Horse 0 to (3,4)
[[19/07/2017 01:28:31]] Black move: Queen 2 to (3,5)
[[19/07/2017 01:28:32]] White move: Horse 0 to (2,6)
[[19/07/2017 01:28:33]] Black move: Queen 2 to (3,6)
[[19/07/2017 01:28:34]] White move: Horse 0 to (4,5)
[[19/07/2017 01:28:35]] Black move: Queen 2 to (4,6)
[[19/07/2017 01:28:39]] White move: Horse 0 to (5,7)
[[19/07/2017 01:28:41]] Black move: Queen 2 to (4,7)
[[19/07/2017 01:28:42]] White move: Horse 0 to (3,6)
[[19/07/2017 01:28:42]] Black move: Queen 2 to (3,7)
[[19/07/2017 01:28:48]] New game
[[19/07/2017 01:28:57]] Position Selected: Horse 1 in (1,7)
[[19/07/2017 01:29:02]] Position Selected: Horse 0 in (6,7)
[[19/07/2017 01:29:05]] Position Selected: Queen 2 in (4,0)
[[19/07/2017 01:29:09]] White move: Horse 0 to (5,5)
[[19/07/2017 01:29:11]] Black move: Queen 2 to (4,5)
[[19/07/2017 01:29:12]] Black move: Queen 2 to (5,5)
[[19/07/2017 01:29:15]] White move: Horse 1 to (3,6)
[[19/07/2017 01:29:16]] Black move: Queen 2 to (3,5)
[[19/07/2017 01:29:17]] White move: Horse 1 to (4,4)
[[19/07/2017 01:29:19]] Black move: Queen 2 to (3,4)
[[19/07/2017 01:29:20]] White move: Horse 1 to (2,3)
[[19/07/2017 01:29:21]] Black move: Queen 2 to (3,3)
[[19/07/2017 01:29:23]] White move: Horse 1 to (4,2)
[[19/07/2017 01:29:27]] Position Selected: Horse 0 in (3,2)
[[19/07/2017 01:29:28]] Black move: Queen 2 to (4,3)
[[19/07/2017 01:29:30]] White move: Horse 1 to (3,4)
[[19/07/2017 01:29:31]] Black move: Queen 2 to (4,4)
[[19/07/2017 01:29:32]] White move: Horse 1 to (5,3)
[[19/07/2017 01:29:33]] Black move: Queen 2 to (4,3)
[[19/07/2017 01:29:35]] White move: Horse 1 to (3,4)
[[19/07/2017 01:29:36]] Black move: Queen 2 to (4,4)
[[19/07/2017 01:29:36]] White move: Horse 1 to (5,3)
[[19/07/2017 01:29:41]] Black move: Queen 2 to (5,4)
[[19/07/2017 05:19:01]] New game
[[19/07/2017 12:16:22]] New game
[[19/07/2017 12:43:25]] New game
[[19/07/2017 12:43:44]] Position Selected: Horse 0 in (7,0)
[[19/07/2017 13:41:03]] New game
[[19/07/2017 13:41:07]] Position Selected: Horse 0 in (5,1)
[[19/07/2017 13:41:10]] Position Selected: Queen 2 in (6,3)
[[19/07/2017 13:41:12]] Position Selected: Horse 1 in (5,5)
[[19/07/2017 13:41:16]] White move: Horse 1 to (6,3)
[[19/07/2017 13:41:16]] White wins
[[19/07/2017 13:42:52]] New game
[[19/07/2017 13:42:55]] Position Selected: Horse 0 in (4,1)
[[19/07/2017 13:42:57]] Position Selected: Horse 1 in (4,2)
[[19/07/2017 13:42:59]] Position Selected: Queen 2 in (4,6)
[[19/07/2017 13:43:02]] White move: Horse 1 to (3,4)
[[19/07/2017 13:43:04]] Black move: Queen 2 to (4,1)
[[19/07/2017 13:43:10]] White move: Horse 1 to (5,3)
[[19/07/2017 13:43:12]] Black move: Queen 2 to (4,3)
[[19/07/2017 13:43:14]] White move: Horse 1 to (3,2)
[[19/07/2017 13:43:15]] Black move: Queen 2 to (3,3)
[[19/07/2017 13:43:16]] White move: Horse 1 to (4,4)
[[19/07/2017 13:43:17]] Black move: Queen 2 to (3,4)
[[19/07/2017 13:43:18]] White move: Horse 1 to (2,5)
[[19/07/2017 13:43:19]] Black move: Queen 2 to (2,4)
[[19/07/2017 13:43:19]] White move: Horse 1 to (3,3)
[[19/07/2017 13:43:20]] Black move: Queen 2 to (2,3)
[[19/07/2017 13:43:21]] White move: Horse 1 to (1,2)
[[19/07/2017 13:43:22]] Black move: Queen 2 to (2,2)
[[19/07/2017 13:43:23]] White move: Horse 1 to (3,3)
[[19/07/2017 13:43:24]] Black move: Queen 2 to (2,3)
[[19/07/2017 13:43:24]] White move: Horse 1 to (1,4)
[[19/07/2017 13:43:25]] Black move: Queen 2 to (2,4)
[[19/07/2017 13:43:26]] White move: Horse 1 to (3,3)
[[19/07/2017 13:43:27]] Black move: Queen 2 to (2,3)
[[19/07/2017 13:43:27]] White move: Horse 1 to (1,2)
[[19/07/2017 13:43:28]] Black move: Queen 2 to (1,3)
[[19/07/2017 13:43:29]] White move: Horse 1 to (0,4)
[[19/07/2017 13:43:29]] Black move: Queen 2 to (1,4)
[[19/07/2017 13:43:30]] White move: Horse 1 to (2,3)
[[19/07/2017 13:43:31]] Black move: Queen 2 to (1,3)
[[19/07/2017 13:43:32]] White move: Horse 1 to (0,2)
[[19/07/2017 13:43:32]] Black move: Queen 2 to (0,3)
[[19/07/2017 13:43:33]] White move: Horse 1 to (1,4)
[[19/07/2017 13:43:35]] New game
[[19/07/2017 15:34:57]] New game
[[19/07/2017 15:35:03]] Position Selected: Horse 0 in (4,0)
[[19/07/2017 15:35:07]] Position Selected: Horse 1 in (2,3)
[[19/07/2017 15:35:15]] Position Selected: Queen 2 in (6,6)
[[19/07/2017 15:35:19]] White move: Horse 1 to (3,5)
[[19/07/2017 15:35:20]] Black move: Queen 2 to (3,6)
[[19/07/2017 15:35:21]] White move: Horse 1 to (2,7)
[[19/07/2017 15:35:22]] Black move: Queen 2 to (3,7)
[[19/07/2017 15:35:24]] White move: Horse 1 to (4,6)
[[19/07/2017 15:35:24]] Black move: Queen 2 to (3,6)
[[19/07/2017 15:35:25]] White move: Horse 1 to (2,5)
[[19/07/2017 15:35:26]] Black move: Queen 2 to (2,6)
[[19/07/2017 15:35:26]] White move: Horse 1 to (1,7)
[[19/07/2017 15:35:27]] Black move: Queen 2 to (1,6)
[[19/07/2017 15:35:27]] White move: Horse 1 to (0,5)
[[19/07/2017 15:35:28]] Black move: Queen 2 to (0,6)
[[19/07/2017 15:35:28]] White move: Horse 1 to (1,7)
[[19/07/2017 15:35:29]] Black move: Queen 2 to (0,7)
[[19/07/2017 15:35:29]] White move: Horse 1 to (2,5)
[[19/07/2017 15:35:30]] Black move: Queen 2 to (2,7)
[[19/07/2017 15:35:30]] White move: Horse 1 to (4,6)
[[19/07/2017 15:35:30]] Black move: Queen 2 to (4,7)
[[19/07/2017 15:35:31]] White move: Horse 1 to (2,5)
[[19/07/2017 15:35:31]] Black move: Queen 2 to (4,0)
[[19/07/2017 15:35:33]] White move: Horse 1 to (3,3)
[[19/07/2017 15:35:34]] Black move: Queen 2 to (4,3)
[[19/07/2017 15:35:35]] White move: Horse 1 to (5,4)
[[19/07/2017 15:35:35]] Black move: Queen 2 to (5,3)
[[19/07/2017 15:35:35]] White move: Horse 1 to (4,2)
[[19/07/2017 15:35:36]] Black move: Queen 2 to (5,2)
[[19/07/2017 15:35:36]] White move: Horse 1 to (6,3)
[[19/07/2017 15:35:36]] White move: Horse 1 to (4,4)
[[19/07/2017 15:35:37]] Black move: Queen 2 to (5,4)
[[19/07/2017 15:35:37]] Black move: Queen 2 to (4,4)
[[19/07/2017 15:35:37]] White move: Horse 1 to (-1,-1)
[[19/07/2017 15:35:37]] White move: Horse 1 to (-1,-1)
[[19/07/2017 15:35:38]] Black move: Queen 2 to (,)
[[19/07/2017 15:35:38]] Black move: Queen 2 to (,)
[[19/07/2017 15:35:40]] Black move: Queen 2 to (,)
[[19/07/2017 15:35:41]] Black move: Queen 2 to (,)
[[19/07/2017 15:35:42]] Black move: Queen 2 to (,)
[[19/07/2017 15:56:58]] New game
[[19/07/2017 16:36:10]] New game
[[19/07/2017 20:41:27]] New game
[[19/07/2017 20:41:32]] Position Selected: Horse 0 in (3,3)
[[19/07/2017 20:41:34]] Position Selected: Horse 1 in (6,5)
[[19/07/2017 20:41:36]] Position Selected: Queen 2 in (6,2)
[[19/07/2017 20:41:40]] White move: Horse 1 to (7,3)
[[19/07/2017 20:41:41]] Black move: Queen 2 to (6,3)
[[19/07/2017 20:41:42]] White move: Horse 1 to (5,4)
[[19/07/2017 20:41:43]] Black move: Queen 2 to (3,3)
[[19/07/2017 20:41:45]] White move: Horse 1 to (3,3)
[[19/07/2017 20:41:45]] White wins
[[19/07/2017 20:42:13]] New game
[[19/07/2017 20:42:15]] Position Selected: Horse 0 in (1,2)
[[19/07/2017 20:42:17]] Position Selected: Horse 1 in (6,6)
[[19/07/2017 20:42:19]] Position Selected: Queen 2 in (4,4)
[[19/07/2017 20:42:22]] White move: Horse 1 to (,)
[[19/07/2017 20:42:25]] Black move: Queen 2 to (6,4)
[[19/07/2017 20:42:28]] White move: Horse 1 to (4,5)
[[19/07/2017 20:42:29]] Black move: Queen 2 to (4,4)
[[19/07/2017 20:42:30]] White move: Horse 1 to (3,3)
[[19/07/2017 20:42:31]] Black move: Queen 2 to (4,3)
[[19/07/2017 20:42:33]] White move: Horse 1 to (5,4)
[[19/07/2017 20:42:34]] Black move: Queen 2 to (4,4)
[[19/07/2017 20:42:41]] New game
[[19/07/2017 20:42:45]] Position Selected: Queen 2 in (2,2)
[[19/07/2017 20:42:47]] Position Selected: Horse 0 in (6,3)
[[19/07/2017 20:42:49]] Position Selected: Horse 1 in (3,6)
[[19/07/2017 20:42:52]] White move: Horse 1 to (4,4)
[[19/07/2017 20:42:53]] Black move: Queen 2 to (6,2)
[[19/07/2017 20:42:55]] White move: Horse 0 to (5,1)
[[19/07/2017 20:42:56]] Black move: Queen 2 to (5,2)
[[19/07/2017 20:42:57]] White move: Horse 1 to (5,2)
[[19/07/2017 20:42:57]] White wins
[[19/07/2017 20:43:01]] New game
[[19/07/2017 20:43:04]] Position Selected: Horse 0 in (1,2)
[[19/07/2017 20:43:06]] Position Selected: Queen 2 in (5,5)
[[19/07/2017 20:43:08]] Position Selected: Horse 1 in (5,1)
[[19/07/2017 20:43:12]] White move: Horse 1 to (4,3)
[[19/07/2017 20:43:14]] Black move: Queen 2 to (5,3)
[[19/07/2017 20:43:14]] White move: Horse 1 to (6,4)
[[19/07/2017 20:43:15]] Black move: Queen 2 to (6,3)
[[19/07/2017 20:43:16]] White move: Horse 1 to (5,2)
[[19/07/2017 20:43:17]] Black move: Queen 2 to (6,2)
[[19/07/2017 20:43:18]] White move: Horse 1 to (7,3)
[[19/07/2017 20:43:20]] Black move: Queen 2 to (1,2)
[[19/07/2017 20:43:21]] White move: Horse 1 to (6,1)
[[19/07/2017 20:43:22]] Black move: Queen 2 to (6,2)
[[19/07/2017 20:43:23]] White move: Horse 1 to (5,3)
[[19/07/2017 20:43:23]] Black move: Queen 2 to (6,3)
[[19/07/2017 20:43:24]] White move: Horse 1 to (7,2)
[[19/07/2017 20:43:25]] Black move: Queen 2 to (6,2)
[[19/07/2017 20:43:26]] White move: Horse 1 to (5,1)
[[19/07/2017 20:43:26]] Black move: Queen 2 to (6,1)
[[19/07/2017 20:43:33]] White move: Horse 1 to (7,0)
[[19/07/2017 20:43:34]] Black move: Queen 2 to (6,0)
[[19/07/2017 20:43:35]] White move: Horse 1 to (5,1)
[[19/07/2017 20:43:35]] Black move: Queen 2 to (5,0)
[[19/07/2017 20:43:36]] White move: Horse 1 to (7,2)
[[19/07/2017 20:43:37]] Black move: Queen 2 to (5,2)
[[19/07/2017 20:43:38]] White move: Horse 1 to (6,4)
[[19/07/2017 20:43:38]] Black move: Queen 2 to (5,4)
[[19/07/2017 20:43:39]] White move: Horse 1 to (4,3)
[[19/07/2017 20:43:40]] Black move: Queen 2 to (4,4)
[[19/07/2017 20:43:40]] White move: Horse 1 to (5,5)
[[19/07/2017 20:43:41]] Black move: Queen 2 to (4,5)
[[19/07/2017 20:43:41]] White move: Horse 1 to (3,4)
[[19/07/2017 20:43:41]] Black move: Queen 2 to (4,4)
[[19/07/2017 20:43:42]] Black move: Queen 2 to (3,4)
[[19/07/2017 20:43:42]] White move: Horse 1 to (-1,-1)
[[19/07/2017 20:43:42]] White move: Horse 1 to (-1,-1)
[[19/07/2017 20:43:45]] Black move: Queen 2 to (,)
[[19/07/2017 20:43:47]] Black move: Queen 2 to (,)
[[19/07/2017 20:43:55]] Black move: Queen 2 to (,)
